[2026-07-06T21:17:03.951+0000] {local_task_job_runner.py:120} INFO - ::group::Pre task execution logs
[2026-07-06T21:17:04.024+0000] {taskinstance.py:2076} INFO - Dependencies all met for dep_context=non-requeueable deps ti=<TaskInstance: netflix_data_pipeline.data_ingestion manual__2026-07-06T21:16:49.457482+00:00 [queued]>
[2026-07-06T21:17:04.044+0000] {taskinstance.py:2076} INFO - Dependencies all met for dep_context=requeueable deps ti=<TaskInstance: netflix_data_pipeline.data_ingestion manual__2026-07-06T21:16:49.457482+00:00 [queued]>
[2026-07-06T21:17:04.051+0000] {taskinstance.py:2306} INFO - Starting attempt 1 of 1
[2026-07-06T21:17:04.076+0000] {taskinstance.py:2330} INFO - Executing <Task(BashOperator): data_ingestion> on 2026-07-06 21:16:49.457482+00:00
[2026-07-06T21:17:04.084+0000] {standard_task_runner.py:64} INFO - Started process 197 to run task
[2026-07-06T21:17:04.089+0000] {standard_task_runner.py:90} INFO - Running: ['***', 'tasks', 'run', 'netflix_data_pipeline', 'data_ingestion', 'manual__2026-07-06T21:16:49.457482+00:00', '--job-id', '3', '--raw', '--subdir', 'DAGS_FOLDER/netflix_pipeline.py', '--cfg-path', '/tmp/tmpuqrmhdgy']
[2026-07-06T21:17:04.094+0000] {standard_task_runner.py:91} INFO - Job 3: Subtask data_ingestion
[2026-07-06T21:17:04.295+0000] {task_command.py:426} INFO - Running <TaskInstance: netflix_data_pipeline.data_ingestion manual__2026-07-06T21:16:49.457482+00:00 [running]> on host 6f73c35babd1
[2026-07-06T21:17:04.485+0000] {taskinstance.py:2648} INFO - Exporting env vars: AIRFLOW_CTX_DAG_OWNER='Shariq' AIRFLOW_CTX_DAG_ID='netflix_data_pipeline' AIRFLOW_CTX_TASK_ID='data_ingestion' AIRFLOW_CTX_EXECUTION_DATE='2026-07-06T21:16:49.457482+00:00' AIRFLOW_CTX_TRY_NUMBER='1' AIRFLOW_CTX_DAG_RUN_ID='manual__2026-07-06T21:16:49.457482+00:00'
[2026-07-06T21:17:04.487+0000] {taskinstance.py:430} INFO - ::endgroup::
[2026-07-06T21:17:04.525+0000] {subprocess.py:63} INFO - Tmp dir root location: /tmp
[2026-07-06T21:17:04.530+0000] {subprocess.py:75} INFO - Running command: ['/usr/bin/bash', '-c', '\n        cd /opt/project\n        python -m Spark.scripts.01_data_ingestion\n        ']
[2026-07-06T21:17:04.543+0000] {subprocess.py:86} INFO - Output:
[2026-07-06T21:17:04.970+0000] {subprocess.py:93} INFO - Traceback (most recent call last):
[2026-07-06T21:17:04.972+0000] {subprocess.py:93} INFO -   File "<frozen runpy>", line 198, in _run_module_as_main
[2026-07-06T21:17:04.974+0000] {subprocess.py:93} INFO -   File "<frozen runpy>", line 88, in _run_code
[2026-07-06T21:17:04.975+0000] {subprocess.py:93} INFO -   File "/opt/project/Spark/scripts/01_data_ingestion.py", line 14, in <module>
[2026-07-06T21:17:04.986+0000] {subprocess.py:93} INFO -     from pyspark.sql import SparkSession
[2026-07-06T21:17:04.988+0000] {subprocess.py:93} INFO - ModuleNotFoundError: No module named 'pyspark'
[2026-07-06T21:17:04.999+0000] {subprocess.py:97} INFO - Command exited with return code 1
[2026-07-06T21:17:05.009+0000] {taskinstance.py:441} INFO - ::group::Post task execution logs
[2026-07-06T21:17:05.032+0000] {taskinstance.py:2905} ERROR - Task failed with exception
Traceback (most recent call last):
  File "/home/airflow/.local/lib/python3.12/site-packages/airflow/models/taskinstance.py", line 465, in _execute_task
    result = _execute_callable(context=context, **execute_callable_kwargs)
             ^^^^^^^^^^^^^^^^^^^^^^^^^^^^^^^^^^^^^^^^^^^^^^^^^^^^^^^^^^^^^
  File "/home/airflow/.local/lib/python3.12/site-packages/airflow/models/taskinstance.py", line 432, in _execute_callable
    return execute_callable(context=context, **execute_callable_kwargs)
           ^^^^^^^^^^^^^^^^^^^^^^^^^^^^^^^^^^^^^^^^^^^^^^^^^^^^^^^^^^^^
  File "/home/airflow/.local/lib/python3.12/site-packages/airflow/models/baseoperator.py", line 401, in wrapper
    return func(self, *args, **kwargs)
           ^^^^^^^^^^^^^^^^^^^^^^^^^^^
  File "/home/airflow/.local/lib/python3.12/site-packages/airflow/operators/bash.py", line 243, in execute
    raise AirflowException(
airflow.exceptions.AirflowException: Bash command failed. The command returned a non-zero exit code 1.
[2026-07-06T21:17:05.043+0000] {taskinstance.py:1206} INFO - Marking task as FAILED. dag_id=netflix_data_pipeline, task_id=data_ingestion, run_id=manual__2026-07-06T21:16:49.457482+00:00, execution_date=20260706T211649, start_date=20260706T211704, end_date=20260706T211705
[2026-07-06T21:17:05.075+0000] {standard_task_runner.py:110} ERROR - Failed to execute job 3 for task data_ingestion (Bash command failed. The command returned a non-zero exit code 1.; 197)
[2026-07-06T21:17:05.108+0000] {local_task_job_runner.py:243} INFO - Task exited with return code 1
[2026-07-06T21:17:05.145+0000] {taskinstance.py:3503} INFO - 0 downstream tasks scheduled from follow-on schedule check
[2026-07-06T21:17:05.157+0000] {local_task_job_runner.py:222} INFO - ::endgroup::
