[2026-07-06T20:15:58.197+0000] {manager.py:470} INFO - Processing files using up to 2 processes at a time 
[2026-07-06T20:15:58.204+0000] {manager.py:471} INFO - Process each file at most once every 30 seconds
[2026-07-06T20:15:58.210+0000] {manager.py:472} INFO - Checking for new files in /opt/airflow/dags every 300 seconds
[2026-07-06T20:15:58.227+0000] {manager.py:737} INFO - Searching for files in /opt/airflow/dags
[2026-07-06T20:15:58.252+0000] {manager.py:740} INFO - There are 0 files in /opt/airflow/dags
[2026-07-06T20:20:59.030+0000] {manager.py:737} INFO - Searching for files in /opt/airflow/dags
[2026-07-06T20:20:59.046+0000] {manager.py:740} INFO - There are 0 files in /opt/airflow/dags
[2026-07-06T20:25:59.828+0000] {manager.py:737} INFO - Searching for files in /opt/airflow/dags
[2026-07-06T20:25:59.870+0000] {manager.py:740} INFO - There are 1 files in /opt/airflow/dags
[2026-07-06T20:26:02.071+0000] {manager.py:878} INFO - 
================================================================================
DAG File Processing Stats

File Path                              PID    Runtime      # DAGs    # Errors  Last Runtime    Last Run
-------------------------------------  -----  ---------  --------  ----------  --------------  -------------------
/opt/airflow/dags/netflix_pipeline.py                           1           0  1.26s           2026-07-06T20:26:01
================================================================================
[2026-07-06T20:26:32.531+0000] {manager.py:878} INFO - 
================================================================================
DAG File Processing Stats

File Path                              PID    Runtime      # DAGs    # Errors  Last Runtime    Last Run
-------------------------------------  -----  ---------  --------  ----------  --------------  -------------------
/opt/airflow/dags/netflix_pipeline.py                           1           0  0.27s           2026-07-06T20:26:31
================================================================================
[2026-07-06T20:27:02.978+0000] {manager.py:878} INFO - 
================================================================================
DAG File Processing Stats

File Path                              PID    Runtime      # DAGs    # Errors  Last Runtime    Last Run
-------------------------------------  -----  ---------  --------  ----------  --------------  -------------------
/opt/airflow/dags/netflix_pipeline.py                           1           0  0.30s           2026-07-06T20:27:02
================================================================================
[2026-07-06T20:27:30.117+0000] {manager.py:452} INFO - Exiting gracefully upon receiving signal 15
[2026-07-06T20:28:00.503+0000] {manager.py:470} INFO - Processing files using up to 2 processes at a time 
[2026-07-06T20:28:00.506+0000] {manager.py:471} INFO - Process each file at most once every 30 seconds
[2026-07-06T20:28:00.509+0000] {manager.py:472} INFO - Checking for new files in /opt/airflow/dags every 300 seconds
[2026-07-06T20:28:00.511+0000] {manager.py:737} INFO - Searching for files in /opt/airflow/dags
[2026-07-06T20:28:00.564+0000] {manager.py:740} INFO - There are 1 files in /opt/airflow/dags
[2026-07-06T20:28:00.692+0000] {manager.py:878} INFO - 
================================================================================
DAG File Processing Stats

File Path                                PID  Runtime      # DAGs    # Errors  Last Runtime    Last Run
-------------------------------------  -----  ---------  --------  ----------  --------------  ----------
/opt/airflow/dags/netflix_pipeline.py     29  0.05s             0           0
================================================================================
[2026-07-06T20:28:31.010+0000] {manager.py:878} INFO - 
================================================================================
DAG File Processing Stats

File Path                              PID    Runtime      # DAGs    # Errors  Last Runtime    Last Run
-------------------------------------  -----  ---------  --------  ----------  --------------  -------------------
/opt/airflow/dags/netflix_pipeline.py                           1           0  0.55s           2026-07-06T20:28:01
================================================================================
[2026-07-06T20:29:01.156+0000] {manager.py:878} INFO - 
================================================================================
DAG File Processing Stats

File Path                              PID    Runtime      # DAGs    # Errors  Last Runtime    Last Run
-------------------------------------  -----  ---------  --------  ----------  --------------  -------------------
/opt/airflow/dags/netflix_pipeline.py                           1           0  0.32s           2026-07-06T20:28:31
================================================================================
[2026-07-06T20:29:31.475+0000] {manager.py:878} INFO - 
================================================================================
DAG File Processing Stats

File Path                              PID    Runtime      # DAGs    # Errors  Last Runtime    Last Run
-------------------------------------  -----  ---------  --------  ----------  --------------  -------------------
/opt/airflow/dags/netflix_pipeline.py                           1           0  0.33s           2026-07-06T20:29:02
================================================================================
[2026-07-06T20:30:01.868+0000] {manager.py:878} INFO - 
================================================================================
DAG File Processing Stats

File Path                              PID    Runtime      # DAGs    # Errors  Last Runtime    Last Run
-------------------------------------  -----  ---------  --------  ----------  --------------  -------------------
/opt/airflow/dags/netflix_pipeline.py                           1           0  0.28s           2026-07-06T20:29:32
================================================================================
[2026-07-06T20:30:32.508+0000] {manager.py:878} INFO - 
================================================================================
DAG File Processing Stats

File Path                              PID    Runtime      # DAGs    # Errors  Last Runtime    Last Run
-------------------------------------  -----  ---------  --------  ----------  --------------  -------------------
/opt/airflow/dags/netflix_pipeline.py                           1           0  0.32s           2026-07-06T20:30:03
================================================================================
[2026-07-06T20:31:02.681+0000] {manager.py:878} INFO - 
================================================================================
DAG File Processing Stats

File Path                              PID    Runtime      # DAGs    # Errors  Last Runtime    Last Run
-------------------------------------  -----  ---------  --------  ----------  --------------  -------------------
/opt/airflow/dags/netflix_pipeline.py                           1           0  0.64s           2026-07-06T20:30:34
================================================================================
[2026-07-06T20:31:33.387+0000] {manager.py:878} INFO - 
================================================================================
DAG File Processing Stats

File Path                              PID    Runtime      # DAGs    # Errors  Last Runtime    Last Run
-------------------------------------  -----  ---------  --------  ----------  --------------  -------------------
/opt/airflow/dags/netflix_pipeline.py                           1           0  0.35s           2026-07-06T20:31:05
================================================================================
[2026-07-06T20:32:03.975+0000] {manager.py:878} INFO - 
================================================================================
DAG File Processing Stats

File Path                              PID    Runtime      # DAGs    # Errors  Last Runtime    Last Run
-------------------------------------  -----  ---------  --------  ----------  --------------  -------------------
/opt/airflow/dags/netflix_pipeline.py                           1           0  0.45s           2026-07-06T20:31:36
================================================================================
[2026-07-06T20:32:34.589+0000] {manager.py:878} INFO - 
================================================================================
DAG File Processing Stats

File Path                              PID    Runtime      # DAGs    # Errors  Last Runtime    Last Run
-------------------------------------  -----  ---------  --------  ----------  --------------  -------------------
/opt/airflow/dags/netflix_pipeline.py                           1           0  0.29s           2026-07-06T20:32:06
================================================================================
[2026-07-06T20:33:01.126+0000] {manager.py:737} INFO - Searching for files in /opt/airflow/dags
[2026-07-06T20:33:01.236+0000] {manager.py:740} INFO - There are 1 files in /opt/airflow/dags
[2026-07-06T20:33:05.320+0000] {manager.py:878} INFO - 
================================================================================
DAG File Processing Stats

File Path                              PID    Runtime      # DAGs    # Errors  Last Runtime    Last Run
-------------------------------------  -----  ---------  --------  ----------  --------------  -------------------
/opt/airflow/dags/netflix_pipeline.py                           1           0  0.26s           2026-07-06T20:32:36
================================================================================
[2026-07-06T20:33:35.667+0000] {manager.py:878} INFO - 
================================================================================
DAG File Processing Stats

File Path                              PID    Runtime      # DAGs    # Errors  Last Runtime    Last Run
-------------------------------------  -----  ---------  --------  ----------  --------------  -------------------
/opt/airflow/dags/netflix_pipeline.py                           1           0  0.23s           2026-07-06T20:33:07
================================================================================
[2026-07-06T20:34:06.194+0000] {manager.py:878} INFO - 
================================================================================
DAG File Processing Stats

File Path                              PID    Runtime      # DAGs    # Errors  Last Runtime    Last Run
-------------------------------------  -----  ---------  --------  ----------  --------------  -------------------
/opt/airflow/dags/netflix_pipeline.py                           1           0  0.24s           2026-07-06T20:33:37
================================================================================
[2026-07-06T20:34:36.537+0000] {manager.py:878} INFO - 
================================================================================
DAG File Processing Stats

File Path                              PID    Runtime      # DAGs    # Errors  Last Runtime    Last Run
-------------------------------------  -----  ---------  --------  ----------  --------------  -------------------
/opt/airflow/dags/netflix_pipeline.py                           1           0  0.20s           2026-07-06T20:34:08
================================================================================
[2026-07-06T20:35:06.995+0000] {manager.py:878} INFO - 
================================================================================
DAG File Processing Stats

File Path                              PID    Runtime      # DAGs    # Errors  Last Runtime    Last Run
-------------------------------------  -----  ---------  --------  ----------  --------------  -------------------
/opt/airflow/dags/netflix_pipeline.py                           1           0  0.24s           2026-07-06T20:34:38
================================================================================
[2026-07-06T20:35:37.367+0000] {manager.py:878} INFO - 
================================================================================
DAG File Processing Stats

File Path                              PID    Runtime      # DAGs    # Errors  Last Runtime    Last Run
-------------------------------------  -----  ---------  --------  ----------  --------------  -------------------
/opt/airflow/dags/netflix_pipeline.py                           1           0  0.20s           2026-07-06T20:35:09
================================================================================
[2026-07-06T20:36:07.828+0000] {manager.py:878} INFO - 
================================================================================
DAG File Processing Stats

File Path                              PID    Runtime      # DAGs    # Errors  Last Runtime    Last Run
-------------------------------------  -----  ---------  --------  ----------  --------------  -------------------
/opt/airflow/dags/netflix_pipeline.py                           1           0  0.21s           2026-07-06T20:35:39
================================================================================
[2026-07-06T20:36:38.193+0000] {manager.py:878} INFO - 
================================================================================
DAG File Processing Stats

File Path                              PID    Runtime      # DAGs    # Errors  Last Runtime    Last Run
-------------------------------------  -----  ---------  --------  ----------  --------------  -------------------
/opt/airflow/dags/netflix_pipeline.py                           1           0  0.20s           2026-07-06T20:36:10
================================================================================
[2026-07-06T20:37:08.643+0000] {manager.py:878} INFO - 
================================================================================
DAG File Processing Stats

File Path                              PID    Runtime      # DAGs    # Errors  Last Runtime    Last Run
-------------------------------------  -----  ---------  --------  ----------  --------------  -------------------
/opt/airflow/dags/netflix_pipeline.py                           1           0  0.26s           2026-07-06T20:36:40
================================================================================
[2026-07-06T20:37:39.106+0000] {manager.py:878} INFO - 
================================================================================
DAG File Processing Stats

File Path                              PID    Runtime      # DAGs    # Errors  Last Runtime    Last Run
-------------------------------------  -----  ---------  --------  ----------  --------------  -------------------
/opt/airflow/dags/netflix_pipeline.py                           1           0  0.27s           2026-07-06T20:37:10
================================================================================
[2026-07-06T20:38:01.477+0000] {manager.py:737} INFO - Searching for files in /opt/airflow/dags
[2026-07-06T20:38:01.540+0000] {manager.py:740} INFO - There are 1 files in /opt/airflow/dags
[2026-07-06T20:38:09.635+0000] {manager.py:878} INFO - 
================================================================================
DAG File Processing Stats

File Path                              PID    Runtime      # DAGs    # Errors  Last Runtime    Last Run
-------------------------------------  -----  ---------  --------  ----------  --------------  -------------------
/opt/airflow/dags/netflix_pipeline.py                           1           0  0.21s           2026-07-06T20:37:41
================================================================================
[2026-07-06T20:38:39.961+0000] {manager.py:878} INFO - 
================================================================================
DAG File Processing Stats

File Path                              PID    Runtime      # DAGs    # Errors  Last Runtime    Last Run
-------------------------------------  -----  ---------  --------  ----------  --------------  -------------------
/opt/airflow/dags/netflix_pipeline.py                           1           0  0.25s           2026-07-06T20:38:11
================================================================================
[2026-07-06T20:39:09.644+0000] {manager.py:878} INFO - 
================================================================================
DAG File Processing Stats

File Path                              PID    Runtime      # DAGs    # Errors  Last Runtime    Last Run
-------------------------------------  -----  ---------  --------  ----------  --------------  -------------------
/opt/airflow/dags/netflix_pipeline.py                           1           0  0.24s           2026-07-06T20:38:42
================================================================================
[2026-07-06T20:39:40.769+0000] {manager.py:878} INFO - 
================================================================================
DAG File Processing Stats

File Path                              PID    Runtime      # DAGs    # Errors  Last Runtime    Last Run
-------------------------------------  -----  ---------  --------  ----------  --------------  -------------------
/opt/airflow/dags/netflix_pipeline.py                           1           0  0.36s           2026-07-06T20:39:13
================================================================================
[2026-07-06T20:40:11.223+0000] {manager.py:878} INFO - 
================================================================================
DAG File Processing Stats

File Path                              PID    Runtime      # DAGs    # Errors  Last Runtime    Last Run
-------------------------------------  -----  ---------  --------  ----------  --------------  -------------------
/opt/airflow/dags/netflix_pipeline.py                           1           0  0.26s           2026-07-06T20:39:44
================================================================================
[2026-07-06T20:40:41.712+0000] {manager.py:878} INFO - 
================================================================================
DAG File Processing Stats

File Path                              PID    Runtime      # DAGs    # Errors  Last Runtime    Last Run
-------------------------------------  -----  ---------  --------  ----------  --------------  -------------------
/opt/airflow/dags/netflix_pipeline.py                           1           0  0.20s           2026-07-06T20:40:14
================================================================================
[2026-07-06T20:41:12.028+0000] {manager.py:878} INFO - 
================================================================================
DAG File Processing Stats

File Path                              PID    Runtime      # DAGs    # Errors  Last Runtime    Last Run
-------------------------------------  -----  ---------  --------  ----------  --------------  -------------------
/opt/airflow/dags/netflix_pipeline.py                           1           0  0.24s           2026-07-06T20:40:44
================================================================================
[2026-07-06T20:41:42.574+0000] {manager.py:878} INFO - 
================================================================================
DAG File Processing Stats

File Path                              PID    Runtime      # DAGs    # Errors  Last Runtime    Last Run
-------------------------------------  -----  ---------  --------  ----------  --------------  -------------------
/opt/airflow/dags/netflix_pipeline.py                           1           0  0.26s           2026-07-06T20:41:15
================================================================================
[2026-07-06T20:42:12.984+0000] {manager.py:878} INFO - 
================================================================================
DAG File Processing Stats

File Path                              PID    Runtime      # DAGs    # Errors  Last Runtime    Last Run
-------------------------------------  -----  ---------  --------  ----------  --------------  -------------------
/opt/airflow/dags/netflix_pipeline.py                           1           0  0.22s           2026-07-06T20:41:45
================================================================================
[2026-07-06T20:42:43.516+0000] {manager.py:878} INFO - 
================================================================================
DAG File Processing Stats

File Path                              PID    Runtime      # DAGs    # Errors  Last Runtime    Last Run
-------------------------------------  -----  ---------  --------  ----------  --------------  -------------------
/opt/airflow/dags/netflix_pipeline.py                           1           0  0.25s           2026-07-06T20:42:16
================================================================================
[2026-07-06T20:43:01.784+0000] {manager.py:737} INFO - Searching for files in /opt/airflow/dags
[2026-07-06T20:43:01.880+0000] {manager.py:740} INFO - There are 1 files in /opt/airflow/dags
[2026-07-06T20:43:14.064+0000] {manager.py:878} INFO - 
================================================================================
DAG File Processing Stats

File Path                              PID    Runtime      # DAGs    # Errors  Last Runtime    Last Run
-------------------------------------  -----  ---------  --------  ----------  --------------  -------------------
/opt/airflow/dags/netflix_pipeline.py                           1           0  0.32s           2026-07-06T20:42:46
================================================================================
[2026-07-06T20:43:44.553+0000] {manager.py:878} INFO - 
================================================================================
DAG File Processing Stats

File Path                              PID    Runtime      # DAGs    # Errors  Last Runtime    Last Run
-------------------------------------  -----  ---------  --------  ----------  --------------  -------------------
/opt/airflow/dags/netflix_pipeline.py                           1           0  0.33s           2026-07-06T20:43:17
================================================================================
[2026-07-06T20:44:15.038+0000] {manager.py:878} INFO - 
================================================================================
DAG File Processing Stats

File Path                              PID    Runtime      # DAGs    # Errors  Last Runtime    Last Run
-------------------------------------  -----  ---------  --------  ----------  --------------  -------------------
/opt/airflow/dags/netflix_pipeline.py                           1           0  0.25s           2026-07-06T20:43:47
================================================================================
[2026-07-06T20:44:45.485+0000] {manager.py:878} INFO - 
================================================================================
DAG File Processing Stats

File Path                              PID    Runtime      # DAGs    # Errors  Last Runtime    Last Run
-------------------------------------  -----  ---------  --------  ----------  --------------  -------------------
/opt/airflow/dags/netflix_pipeline.py                           1           0  0.25s           2026-07-06T20:44:18
================================================================================
[2026-07-06T20:45:15.883+0000] {manager.py:878} INFO - 
================================================================================
DAG File Processing Stats

File Path                              PID    Runtime      # DAGs    # Errors  Last Runtime    Last Run
-------------------------------------  -----  ---------  --------  ----------  --------------  -------------------
/opt/airflow/dags/netflix_pipeline.py                           1           0  0.38s           2026-07-06T20:44:48
================================================================================
[2026-07-06T20:45:46.059+0000] {manager.py:878} INFO - 
================================================================================
DAG File Processing Stats

File Path                              PID    Runtime      # DAGs    # Errors  Last Runtime    Last Run
-------------------------------------  -----  ---------  --------  ----------  --------------  -------------------
/opt/airflow/dags/netflix_pipeline.py                           1           0  0.28s           2026-07-06T20:45:19
================================================================================
[2026-07-06T20:46:16.561+0000] {manager.py:878} INFO - 
================================================================================
DAG File Processing Stats

File Path                              PID    Runtime      # DAGs    # Errors  Last Runtime    Last Run
-------------------------------------  -----  ---------  --------  ----------  --------------  -------------------
/opt/airflow/dags/netflix_pipeline.py                           1           0  0.26s           2026-07-06T20:45:50
================================================================================
[2026-07-06T20:46:47.092+0000] {manager.py:878} INFO - 
================================================================================
DAG File Processing Stats

File Path                              PID    Runtime      # DAGs    # Errors  Last Runtime    Last Run
-------------------------------------  -----  ---------  --------  ----------  --------------  -------------------
/opt/airflow/dags/netflix_pipeline.py                           1           0  0.36s           2026-07-06T20:46:21
================================================================================
[2026-07-06T20:47:17.608+0000] {manager.py:878} INFO - 
================================================================================
DAG File Processing Stats

File Path                              PID    Runtime      # DAGs    # Errors  Last Runtime    Last Run
-------------------------------------  -----  ---------  --------  ----------  --------------  -------------------
/opt/airflow/dags/netflix_pipeline.py                           1           0  0.28s           2026-07-06T20:46:51
================================================================================
[2026-07-06T20:47:48.325+0000] {manager.py:878} INFO - 
================================================================================
DAG File Processing Stats

File Path                              PID    Runtime      # DAGs    # Errors  Last Runtime    Last Run
-------------------------------------  -----  ---------  --------  ----------  --------------  -------------------
/opt/airflow/dags/netflix_pipeline.py                           1           0  0.29s           2026-07-06T20:47:21
================================================================================
[2026-07-06T20:48:01.786+0000] {manager.py:737} INFO - Searching for files in /opt/airflow/dags
[2026-07-06T20:48:01.863+0000] {manager.py:740} INFO - There are 1 files in /opt/airflow/dags
[2026-07-06T20:48:18.709+0000] {manager.py:878} INFO - 
================================================================================
DAG File Processing Stats

File Path                              PID    Runtime      # DAGs    # Errors  Last Runtime    Last Run
-------------------------------------  -----  ---------  --------  ----------  --------------  -------------------
/opt/airflow/dags/netflix_pipeline.py                           1           0  0.26s           2026-07-06T20:47:52
================================================================================
[2026-07-06T20:48:49.059+0000] {manager.py:878} INFO - 
================================================================================
DAG File Processing Stats

File Path                              PID    Runtime      # DAGs    # Errors  Last Runtime    Last Run
-------------------------------------  -----  ---------  --------  ----------  --------------  -------------------
/opt/airflow/dags/netflix_pipeline.py                           1           0  0.23s           2026-07-06T20:48:23
================================================================================
[2026-07-06T20:49:19.512+0000] {manager.py:878} INFO - 
================================================================================
DAG File Processing Stats

File Path                              PID    Runtime      # DAGs    # Errors  Last Runtime    Last Run
-------------------------------------  -----  ---------  --------  ----------  --------------  -------------------
/opt/airflow/dags/netflix_pipeline.py                           1           0  0.26s           2026-07-06T20:48:53
================================================================================
[2026-07-06T20:49:49.913+0000] {manager.py:878} INFO - 
================================================================================
DAG File Processing Stats

File Path                              PID    Runtime      # DAGs    # Errors  Last Runtime    Last Run
-------------------------------------  -----  ---------  --------  ----------  --------------  -------------------
/opt/airflow/dags/netflix_pipeline.py                           1           0  0.27s           2026-07-06T20:49:23
================================================================================
[2026-07-06T20:50:20.500+0000] {manager.py:878} INFO - 
================================================================================
DAG File Processing Stats

File Path                              PID    Runtime      # DAGs    # Errors  Last Runtime    Last Run
-------------------------------------  -----  ---------  --------  ----------  --------------  -------------------
/opt/airflow/dags/netflix_pipeline.py                           1           0  0.28s           2026-07-06T20:49:54
================================================================================
[2026-07-06T20:50:50.880+0000] {manager.py:878} INFO - 
================================================================================
DAG File Processing Stats

File Path                              PID    Runtime      # DAGs    # Errors  Last Runtime    Last Run
-------------------------------------  -----  ---------  --------  ----------  --------------  -------------------
/opt/airflow/dags/netflix_pipeline.py                           1           0  0.22s           2026-07-06T20:50:24
================================================================================
[2026-07-06T20:51:21.351+0000] {manager.py:878} INFO - 
================================================================================
DAG File Processing Stats

File Path                              PID    Runtime      # DAGs    # Errors  Last Runtime    Last Run
-------------------------------------  -----  ---------  --------  ----------  --------------  -------------------
/opt/airflow/dags/netflix_pipeline.py                           1           0  0.22s           2026-07-06T20:50:55
================================================================================
[2026-07-06T20:51:51.694+0000] {manager.py:878} INFO - 
================================================================================
DAG File Processing Stats

File Path                              PID    Runtime      # DAGs    # Errors  Last Runtime    Last Run
-------------------------------------  -----  ---------  --------  ----------  --------------  -------------------
/opt/airflow/dags/netflix_pipeline.py                           1           0  0.23s           2026-07-06T20:51:25
================================================================================
[2026-07-06T20:52:22.261+0000] {manager.py:878} INFO - 
================================================================================
DAG File Processing Stats

File Path                              PID    Runtime      # DAGs    # Errors  Last Runtime    Last Run
-------------------------------------  -----  ---------  --------  ----------  --------------  -------------------
/opt/airflow/dags/netflix_pipeline.py                           1           0  0.29s           2026-07-06T20:51:56
================================================================================
[2026-07-06T20:52:52.673+0000] {manager.py:878} INFO - 
================================================================================
DAG File Processing Stats

File Path                              PID    Runtime      # DAGs    # Errors  Last Runtime    Last Run
-------------------------------------  -----  ---------  --------  ----------  --------------  -------------------
/opt/airflow/dags/netflix_pipeline.py                           1           0  0.26s           2026-07-06T20:52:26
================================================================================
[2026-07-06T20:53:01.906+0000] {manager.py:737} INFO - Searching for files in /opt/airflow/dags
[2026-07-06T20:53:01.993+0000] {manager.py:740} INFO - There are 1 files in /opt/airflow/dags
[2026-07-06T20:53:23.287+0000] {manager.py:878} INFO - 
================================================================================
DAG File Processing Stats

File Path                              PID    Runtime      # DAGs    # Errors  Last Runtime    Last Run
-------------------------------------  -----  ---------  --------  ----------  --------------  -------------------
/opt/airflow/dags/netflix_pipeline.py                           1           0  0.23s           2026-07-06T20:52:56
================================================================================
[2026-07-06T20:53:53.678+0000] {manager.py:878} INFO - 
================================================================================
DAG File Processing Stats

File Path                              PID    Runtime      # DAGs    # Errors  Last Runtime    Last Run
-------------------------------------  -----  ---------  --------  ----------  --------------  -------------------
/opt/airflow/dags/netflix_pipeline.py                           1           0  0.28s           2026-07-06T20:53:27
================================================================================
