[2026-07-06T20:26:00.122+0000] {processor.py:161} INFO - Started process (PID=29) to work on /opt/airflow/dags/netflix_pipeline.py
[2026-07-06T20:26:00.125+0000] {processor.py:830} INFO - Processing file /opt/airflow/dags/netflix_pipeline.py for tasks to queue
[2026-07-06T20:26:00.140+0000] {logging_mixin.py:188} INFO - [2026-07-06T20:26:00.138+0000] {dagbag.py:545} INFO - Filling up the DagBag from /opt/airflow/dags/netflix_pipeline.py
[2026-07-06T20:26:00.327+0000] {processor.py:840} INFO - DAG(s) 'netflix_data_pipeline' retrieved from /opt/airflow/dags/netflix_pipeline.py
[2026-07-06T20:26:01.100+0000] {logging_mixin.py:188} INFO - [2026-07-06T20:26:01.099+0000] {override.py:1858} INFO - Created Permission View: can read on DAG:netflix_data_pipeline
[2026-07-06T20:26:01.123+0000] {logging_mixin.py:188} INFO - [2026-07-06T20:26:01.122+0000] {override.py:1858} INFO - Created Permission View: can edit on DAG:netflix_data_pipeline
[2026-07-06T20:26:01.141+0000] {logging_mixin.py:188} INFO - [2026-07-06T20:26:01.140+0000] {override.py:1858} INFO - Created Permission View: can delete on DAG:netflix_data_pipeline
[2026-07-06T20:26:01.144+0000] {logging_mixin.py:188} INFO - [2026-07-06T20:26:01.143+0000] {dag.py:3089} INFO - Sync 1 DAGs
[2026-07-06T20:26:01.170+0000] {logging_mixin.py:188} INFO - [2026-07-06T20:26:01.170+0000] {dag.py:3111} INFO - Creating ORM DAG for netflix_data_pipeline
[2026-07-06T20:26:01.175+0000] {logging_mixin.py:188} INFO - [2026-07-06T20:26:01.175+0000] {dag.py:3947} INFO - Setting next_dagrun for netflix_data_pipeline to None, run_after=None
[2026-07-06T20:26:01.238+0000] {processor.py:183} INFO - Processing /opt/airflow/dags/netflix_pipeline.py took 1.149 seconds
[2026-07-06T20:26:31.495+0000] {processor.py:161} INFO - Started process (PID=30) to work on /opt/airflow/dags/netflix_pipeline.py
[2026-07-06T20:26:31.499+0000] {processor.py:830} INFO - Processing file /opt/airflow/dags/netflix_pipeline.py for tasks to queue
[2026-07-06T20:26:31.507+0000] {logging_mixin.py:188} INFO - [2026-07-06T20:26:31.506+0000] {dagbag.py:545} INFO - Filling up the DagBag from /opt/airflow/dags/netflix_pipeline.py
[2026-07-06T20:26:31.570+0000] {processor.py:840} INFO - DAG(s) 'netflix_data_pipeline' retrieved from /opt/airflow/dags/netflix_pipeline.py
[2026-07-06T20:26:31.621+0000] {logging_mixin.py:188} INFO - [2026-07-06T20:26:31.621+0000] {dag.py:3089} INFO - Sync 1 DAGs
[2026-07-06T20:26:31.647+0000] {logging_mixin.py:188} INFO - [2026-07-06T20:26:31.646+0000] {dag.py:3947} INFO - Setting next_dagrun for netflix_data_pipeline to None, run_after=None
[2026-07-06T20:26:31.680+0000] {processor.py:183} INFO - Processing /opt/airflow/dags/netflix_pipeline.py took 0.201 seconds
[2026-07-06T20:27:01.922+0000] {processor.py:161} INFO - Started process (PID=31) to work on /opt/airflow/dags/netflix_pipeline.py
[2026-07-06T20:27:01.925+0000] {processor.py:830} INFO - Processing file /opt/airflow/dags/netflix_pipeline.py for tasks to queue
[2026-07-06T20:27:01.931+0000] {logging_mixin.py:188} INFO - [2026-07-06T20:27:01.930+0000] {dagbag.py:545} INFO - Filling up the DagBag from /opt/airflow/dags/netflix_pipeline.py
[2026-07-06T20:27:01.998+0000] {processor.py:840} INFO - DAG(s) 'netflix_data_pipeline' retrieved from /opt/airflow/dags/netflix_pipeline.py
[2026-07-06T20:27:02.067+0000] {logging_mixin.py:188} INFO - [2026-07-06T20:27:02.066+0000] {dag.py:3089} INFO - Sync 1 DAGs
[2026-07-06T20:27:02.088+0000] {logging_mixin.py:188} INFO - [2026-07-06T20:27:02.088+0000] {dag.py:3947} INFO - Setting next_dagrun for netflix_data_pipeline to None, run_after=None
[2026-07-06T20:27:02.135+0000] {processor.py:183} INFO - Processing /opt/airflow/dags/netflix_pipeline.py took 0.228 seconds
[2026-07-06T20:27:16.221+0000] {processor.py:161} INFO - Started process (PID=32) to work on /opt/airflow/dags/netflix_pipeline.py
[2026-07-06T20:27:16.225+0000] {processor.py:830} INFO - Processing file /opt/airflow/dags/netflix_pipeline.py for tasks to queue
[2026-07-06T20:27:16.233+0000] {logging_mixin.py:188} INFO - [2026-07-06T20:27:16.231+0000] {dagbag.py:545} INFO - Filling up the DagBag from /opt/airflow/dags/netflix_pipeline.py
[2026-07-06T20:27:16.349+0000] {processor.py:840} INFO - DAG(s) 'netflix_data_pipeline' retrieved from /opt/airflow/dags/netflix_pipeline.py
[2026-07-06T20:27:16.600+0000] {logging_mixin.py:188} INFO - [2026-07-06T20:27:16.599+0000] {dag.py:3089} INFO - Sync 1 DAGs
[2026-07-06T20:27:16.623+0000] {logging_mixin.py:188} INFO - [2026-07-06T20:27:16.623+0000] {dag.py:3947} INFO - Setting next_dagrun for netflix_data_pipeline to None, run_after=None
[2026-07-06T20:27:16.688+0000] {processor.py:183} INFO - Processing /opt/airflow/dags/netflix_pipeline.py took 0.486 seconds
[2026-07-06T20:28:00.693+0000] {processor.py:161} INFO - Started process (PID=29) to work on /opt/airflow/dags/netflix_pipeline.py
[2026-07-06T20:28:00.694+0000] {processor.py:830} INFO - Processing file /opt/airflow/dags/netflix_pipeline.py for tasks to queue
[2026-07-06T20:28:00.696+0000] {logging_mixin.py:188} INFO - [2026-07-06T20:28:00.696+0000] {dagbag.py:545} INFO - Filling up the DagBag from /opt/airflow/dags/netflix_pipeline.py
[2026-07-06T20:28:00.750+0000] {processor.py:840} INFO - DAG(s) 'netflix_data_pipeline' retrieved from /opt/airflow/dags/netflix_pipeline.py
[2026-07-06T20:28:01.104+0000] {logging_mixin.py:188} INFO - [2026-07-06T20:28:01.103+0000] {override.py:1858} INFO - Created Permission View: can delete on DAG:netflix_data_pipeline
[2026-07-06T20:28:01.117+0000] {logging_mixin.py:188} INFO - [2026-07-06T20:28:01.117+0000] {override.py:1858} INFO - Created Permission View: can edit on DAG:netflix_data_pipeline
[2026-07-06T20:28:01.128+0000] {logging_mixin.py:188} INFO - [2026-07-06T20:28:01.127+0000] {override.py:1858} INFO - Created Permission View: can read on DAG:netflix_data_pipeline
[2026-07-06T20:28:01.130+0000] {logging_mixin.py:188} INFO - [2026-07-06T20:28:01.129+0000] {dag.py:3089} INFO - Sync 1 DAGs
[2026-07-06T20:28:01.147+0000] {logging_mixin.py:188} INFO - [2026-07-06T20:28:01.147+0000] {dag.py:3111} INFO - Creating ORM DAG for netflix_data_pipeline
[2026-07-06T20:28:01.149+0000] {logging_mixin.py:188} INFO - [2026-07-06T20:28:01.149+0000] {dag.py:3947} INFO - Setting next_dagrun for netflix_data_pipeline to None, run_after=None
[2026-07-06T20:28:01.182+0000] {processor.py:183} INFO - Processing /opt/airflow/dags/netflix_pipeline.py took 0.497 seconds
[2026-07-06T20:28:31.618+0000] {processor.py:161} INFO - Started process (PID=30) to work on /opt/airflow/dags/netflix_pipeline.py
[2026-07-06T20:28:31.623+0000] {processor.py:830} INFO - Processing file /opt/airflow/dags/netflix_pipeline.py for tasks to queue
[2026-07-06T20:28:31.629+0000] {logging_mixin.py:188} INFO - [2026-07-06T20:28:31.628+0000] {dagbag.py:545} INFO - Filling up the DagBag from /opt/airflow/dags/netflix_pipeline.py
[2026-07-06T20:28:31.712+0000] {processor.py:840} INFO - DAG(s) 'netflix_data_pipeline' retrieved from /opt/airflow/dags/netflix_pipeline.py
[2026-07-06T20:28:31.776+0000] {logging_mixin.py:188} INFO - [2026-07-06T20:28:31.776+0000] {dag.py:3089} INFO - Sync 1 DAGs
[2026-07-06T20:28:31.797+0000] {logging_mixin.py:188} INFO - [2026-07-06T20:28:31.797+0000] {dag.py:3947} INFO - Setting next_dagrun for netflix_data_pipeline to None, run_after=None
[2026-07-06T20:28:31.830+0000] {processor.py:183} INFO - Processing /opt/airflow/dags/netflix_pipeline.py took 0.225 seconds
[2026-07-06T20:29:01.996+0000] {processor.py:161} INFO - Started process (PID=44) to work on /opt/airflow/dags/netflix_pipeline.py
[2026-07-06T20:29:01.998+0000] {processor.py:830} INFO - Processing file /opt/airflow/dags/netflix_pipeline.py for tasks to queue
[2026-07-06T20:29:02.003+0000] {logging_mixin.py:188} INFO - [2026-07-06T20:29:02.002+0000] {dagbag.py:545} INFO - Filling up the DagBag from /opt/airflow/dags/netflix_pipeline.py
[2026-07-06T20:29:02.084+0000] {processor.py:840} INFO - DAG(s) 'netflix_data_pipeline' retrieved from /opt/airflow/dags/netflix_pipeline.py
[2026-07-06T20:29:02.151+0000] {logging_mixin.py:188} INFO - [2026-07-06T20:29:02.150+0000] {dag.py:3089} INFO - Sync 1 DAGs
[2026-07-06T20:29:02.186+0000] {logging_mixin.py:188} INFO - [2026-07-06T20:29:02.185+0000] {dag.py:3947} INFO - Setting next_dagrun for netflix_data_pipeline to None, run_after=None
[2026-07-06T20:29:02.245+0000] {processor.py:183} INFO - Processing /opt/airflow/dags/netflix_pipeline.py took 0.259 seconds
[2026-07-06T20:29:32.591+0000] {processor.py:161} INFO - Started process (PID=45) to work on /opt/airflow/dags/netflix_pipeline.py
[2026-07-06T20:29:32.598+0000] {processor.py:830} INFO - Processing file /opt/airflow/dags/netflix_pipeline.py for tasks to queue
[2026-07-06T20:29:32.603+0000] {logging_mixin.py:188} INFO - [2026-07-06T20:29:32.602+0000] {dagbag.py:545} INFO - Filling up the DagBag from /opt/airflow/dags/netflix_pipeline.py
[2026-07-06T20:29:32.660+0000] {processor.py:840} INFO - DAG(s) 'netflix_data_pipeline' retrieved from /opt/airflow/dags/netflix_pipeline.py
[2026-07-06T20:29:32.711+0000] {logging_mixin.py:188} INFO - [2026-07-06T20:29:32.710+0000] {dag.py:3089} INFO - Sync 1 DAGs
[2026-07-06T20:29:32.741+0000] {logging_mixin.py:188} INFO - [2026-07-06T20:29:32.740+0000] {dag.py:3947} INFO - Setting next_dagrun for netflix_data_pipeline to None, run_after=None
[2026-07-06T20:29:32.789+0000] {processor.py:183} INFO - Processing /opt/airflow/dags/netflix_pipeline.py took 0.214 seconds
[2026-07-06T20:30:02.991+0000] {processor.py:161} INFO - Started process (PID=46) to work on /opt/airflow/dags/netflix_pipeline.py
[2026-07-06T20:30:02.995+0000] {processor.py:830} INFO - Processing file /opt/airflow/dags/netflix_pipeline.py for tasks to queue
[2026-07-06T20:30:03.000+0000] {logging_mixin.py:188} INFO - [2026-07-06T20:30:03.000+0000] {dagbag.py:545} INFO - Filling up the DagBag from /opt/airflow/dags/netflix_pipeline.py
[2026-07-06T20:30:03.097+0000] {processor.py:840} INFO - DAG(s) 'netflix_data_pipeline' retrieved from /opt/airflow/dags/netflix_pipeline.py
[2026-07-06T20:30:03.153+0000] {logging_mixin.py:188} INFO - [2026-07-06T20:30:03.153+0000] {dag.py:3089} INFO - Sync 1 DAGs
[2026-07-06T20:30:03.176+0000] {logging_mixin.py:188} INFO - [2026-07-06T20:30:03.175+0000] {dag.py:3947} INFO - Setting next_dagrun for netflix_data_pipeline to None, run_after=None
[2026-07-06T20:30:03.215+0000] {processor.py:183} INFO - Processing /opt/airflow/dags/netflix_pipeline.py took 0.237 seconds
[2026-07-06T20:30:33.847+0000] {processor.py:161} INFO - Started process (PID=47) to work on /opt/airflow/dags/netflix_pipeline.py
[2026-07-06T20:30:33.854+0000] {processor.py:830} INFO - Processing file /opt/airflow/dags/netflix_pipeline.py for tasks to queue
[2026-07-06T20:30:33.860+0000] {logging_mixin.py:188} INFO - [2026-07-06T20:30:33.859+0000] {dagbag.py:545} INFO - Filling up the DagBag from /opt/airflow/dags/netflix_pipeline.py
[2026-07-06T20:30:34.105+0000] {processor.py:840} INFO - DAG(s) 'netflix_data_pipeline' retrieved from /opt/airflow/dags/netflix_pipeline.py
[2026-07-06T20:30:34.194+0000] {logging_mixin.py:188} INFO - [2026-07-06T20:30:34.193+0000] {dag.py:3089} INFO - Sync 1 DAGs
[2026-07-06T20:30:34.225+0000] {logging_mixin.py:188} INFO - [2026-07-06T20:30:34.225+0000] {dag.py:3947} INFO - Setting next_dagrun for netflix_data_pipeline to None, run_after=None
[2026-07-06T20:30:34.280+0000] {processor.py:183} INFO - Processing /opt/airflow/dags/netflix_pipeline.py took 0.446 seconds
[2026-07-06T20:31:04.832+0000] {processor.py:161} INFO - Started process (PID=63) to work on /opt/airflow/dags/netflix_pipeline.py
[2026-07-06T20:31:04.839+0000] {processor.py:830} INFO - Processing file /opt/airflow/dags/netflix_pipeline.py for tasks to queue
[2026-07-06T20:31:04.842+0000] {logging_mixin.py:188} INFO - [2026-07-06T20:31:04.841+0000] {dagbag.py:545} INFO - Filling up the DagBag from /opt/airflow/dags/netflix_pipeline.py
[2026-07-06T20:31:04.954+0000] {processor.py:840} INFO - DAG(s) 'netflix_data_pipeline' retrieved from /opt/airflow/dags/netflix_pipeline.py
[2026-07-06T20:31:05.006+0000] {logging_mixin.py:188} INFO - [2026-07-06T20:31:05.006+0000] {dag.py:3089} INFO - Sync 1 DAGs
[2026-07-06T20:31:05.030+0000] {logging_mixin.py:188} INFO - [2026-07-06T20:31:05.028+0000] {dag.py:3947} INFO - Setting next_dagrun for netflix_data_pipeline to None, run_after=None
[2026-07-06T20:31:05.081+0000] {processor.py:183} INFO - Processing /opt/airflow/dags/netflix_pipeline.py took 0.260 seconds
[2026-07-06T20:31:35.792+0000] {processor.py:161} INFO - Started process (PID=64) to work on /opt/airflow/dags/netflix_pipeline.py
[2026-07-06T20:31:35.797+0000] {processor.py:830} INFO - Processing file /opt/airflow/dags/netflix_pipeline.py for tasks to queue
[2026-07-06T20:31:35.804+0000] {logging_mixin.py:188} INFO - [2026-07-06T20:31:35.803+0000] {dagbag.py:545} INFO - Filling up the DagBag from /opt/airflow/dags/netflix_pipeline.py
[2026-07-06T20:31:35.915+0000] {processor.py:840} INFO - DAG(s) 'netflix_data_pipeline' retrieved from /opt/airflow/dags/netflix_pipeline.py
[2026-07-06T20:31:35.968+0000] {logging_mixin.py:188} INFO - [2026-07-06T20:31:35.968+0000] {dag.py:3089} INFO - Sync 1 DAGs
[2026-07-06T20:31:35.984+0000] {logging_mixin.py:188} INFO - [2026-07-06T20:31:35.983+0000] {dag.py:3947} INFO - Setting next_dagrun for netflix_data_pipeline to None, run_after=None
[2026-07-06T20:31:36.012+0000] {processor.py:183} INFO - Processing /opt/airflow/dags/netflix_pipeline.py took 0.240 seconds
[2026-07-06T20:32:06.379+0000] {processor.py:161} INFO - Started process (PID=65) to work on /opt/airflow/dags/netflix_pipeline.py
[2026-07-06T20:32:06.383+0000] {processor.py:830} INFO - Processing file /opt/airflow/dags/netflix_pipeline.py for tasks to queue
[2026-07-06T20:32:06.390+0000] {logging_mixin.py:188} INFO - [2026-07-06T20:32:06.389+0000] {dagbag.py:545} INFO - Filling up the DagBag from /opt/airflow/dags/netflix_pipeline.py
[2026-07-06T20:32:06.459+0000] {processor.py:840} INFO - DAG(s) 'netflix_data_pipeline' retrieved from /opt/airflow/dags/netflix_pipeline.py
[2026-07-06T20:32:06.511+0000] {logging_mixin.py:188} INFO - [2026-07-06T20:32:06.510+0000] {dag.py:3089} INFO - Sync 1 DAGs
[2026-07-06T20:32:06.532+0000] {logging_mixin.py:188} INFO - [2026-07-06T20:32:06.532+0000] {dag.py:3947} INFO - Setting next_dagrun for netflix_data_pipeline to None, run_after=None
[2026-07-06T20:32:06.577+0000] {processor.py:183} INFO - Processing /opt/airflow/dags/netflix_pipeline.py took 0.213 seconds
[2026-07-06T20:32:36.712+0000] {processor.py:161} INFO - Started process (PID=66) to work on /opt/airflow/dags/netflix_pipeline.py
[2026-07-06T20:32:36.715+0000] {processor.py:830} INFO - Processing file /opt/airflow/dags/netflix_pipeline.py for tasks to queue
[2026-07-06T20:32:36.719+0000] {logging_mixin.py:188} INFO - [2026-07-06T20:32:36.719+0000] {dagbag.py:545} INFO - Filling up the DagBag from /opt/airflow/dags/netflix_pipeline.py
[2026-07-06T20:32:36.773+0000] {processor.py:840} INFO - DAG(s) 'netflix_data_pipeline' retrieved from /opt/airflow/dags/netflix_pipeline.py
[2026-07-06T20:32:36.836+0000] {logging_mixin.py:188} INFO - [2026-07-06T20:32:36.835+0000] {dag.py:3089} INFO - Sync 1 DAGs
[2026-07-06T20:32:36.861+0000] {logging_mixin.py:188} INFO - [2026-07-06T20:32:36.861+0000] {dag.py:3947} INFO - Setting next_dagrun for netflix_data_pipeline to None, run_after=None
[2026-07-06T20:32:36.891+0000] {processor.py:183} INFO - Processing /opt/airflow/dags/netflix_pipeline.py took 0.192 seconds
[2026-07-06T20:33:07.436+0000] {processor.py:161} INFO - Started process (PID=67) to work on /opt/airflow/dags/netflix_pipeline.py
[2026-07-06T20:33:07.438+0000] {processor.py:830} INFO - Processing file /opt/airflow/dags/netflix_pipeline.py for tasks to queue
[2026-07-06T20:33:07.443+0000] {logging_mixin.py:188} INFO - [2026-07-06T20:33:07.443+0000] {dagbag.py:545} INFO - Filling up the DagBag from /opt/airflow/dags/netflix_pipeline.py
[2026-07-06T20:33:07.489+0000] {processor.py:840} INFO - DAG(s) 'netflix_data_pipeline' retrieved from /opt/airflow/dags/netflix_pipeline.py
[2026-07-06T20:33:07.550+0000] {logging_mixin.py:188} INFO - [2026-07-06T20:33:07.550+0000] {dag.py:3089} INFO - Sync 1 DAGs
[2026-07-06T20:33:07.568+0000] {logging_mixin.py:188} INFO - [2026-07-06T20:33:07.567+0000] {dag.py:3947} INFO - Setting next_dagrun for netflix_data_pipeline to None, run_after=None
[2026-07-06T20:33:07.599+0000] {processor.py:183} INFO - Processing /opt/airflow/dags/netflix_pipeline.py took 0.173 seconds
[2026-07-06T20:33:37.744+0000] {processor.py:161} INFO - Started process (PID=89) to work on /opt/airflow/dags/netflix_pipeline.py
[2026-07-06T20:33:37.746+0000] {processor.py:830} INFO - Processing file /opt/airflow/dags/netflix_pipeline.py for tasks to queue
[2026-07-06T20:33:37.750+0000] {logging_mixin.py:188} INFO - [2026-07-06T20:33:37.749+0000] {dagbag.py:545} INFO - Filling up the DagBag from /opt/airflow/dags/netflix_pipeline.py
[2026-07-06T20:33:37.810+0000] {processor.py:840} INFO - DAG(s) 'netflix_data_pipeline' retrieved from /opt/airflow/dags/netflix_pipeline.py
[2026-07-06T20:33:37.871+0000] {logging_mixin.py:188} INFO - [2026-07-06T20:33:37.870+0000] {dag.py:3089} INFO - Sync 1 DAGs
[2026-07-06T20:33:37.895+0000] {logging_mixin.py:188} INFO - [2026-07-06T20:33:37.895+0000] {dag.py:3947} INFO - Setting next_dagrun for netflix_data_pipeline to None, run_after=None
[2026-07-06T20:33:37.929+0000] {processor.py:183} INFO - Processing /opt/airflow/dags/netflix_pipeline.py took 0.194 seconds
[2026-07-06T20:34:08.302+0000] {processor.py:161} INFO - Started process (PID=101) to work on /opt/airflow/dags/netflix_pipeline.py
[2026-07-06T20:34:08.305+0000] {processor.py:830} INFO - Processing file /opt/airflow/dags/netflix_pipeline.py for tasks to queue
[2026-07-06T20:34:08.308+0000] {logging_mixin.py:188} INFO - [2026-07-06T20:34:08.308+0000] {dagbag.py:545} INFO - Filling up the DagBag from /opt/airflow/dags/netflix_pipeline.py
[2026-07-06T20:34:08.359+0000] {processor.py:840} INFO - DAG(s) 'netflix_data_pipeline' retrieved from /opt/airflow/dags/netflix_pipeline.py
[2026-07-06T20:34:08.396+0000] {logging_mixin.py:188} INFO - [2026-07-06T20:34:08.396+0000] {dag.py:3089} INFO - Sync 1 DAGs
[2026-07-06T20:34:08.412+0000] {logging_mixin.py:188} INFO - [2026-07-06T20:34:08.412+0000] {dag.py:3947} INFO - Setting next_dagrun for netflix_data_pipeline to None, run_after=None
[2026-07-06T20:34:08.437+0000] {processor.py:183} INFO - Processing /opt/airflow/dags/netflix_pipeline.py took 0.143 seconds
[2026-07-06T20:34:38.657+0000] {processor.py:161} INFO - Started process (PID=102) to work on /opt/airflow/dags/netflix_pipeline.py
[2026-07-06T20:34:38.659+0000] {processor.py:830} INFO - Processing file /opt/airflow/dags/netflix_pipeline.py for tasks to queue
[2026-07-06T20:34:38.663+0000] {logging_mixin.py:188} INFO - [2026-07-06T20:34:38.662+0000] {dagbag.py:545} INFO - Filling up the DagBag from /opt/airflow/dags/netflix_pipeline.py
[2026-07-06T20:34:38.713+0000] {processor.py:840} INFO - DAG(s) 'netflix_data_pipeline' retrieved from /opt/airflow/dags/netflix_pipeline.py
[2026-07-06T20:34:38.761+0000] {logging_mixin.py:188} INFO - [2026-07-06T20:34:38.761+0000] {dag.py:3089} INFO - Sync 1 DAGs
[2026-07-06T20:34:38.782+0000] {logging_mixin.py:188} INFO - [2026-07-06T20:34:38.782+0000] {dag.py:3947} INFO - Setting next_dagrun for netflix_data_pipeline to None, run_after=None
[2026-07-06T20:34:38.822+0000] {processor.py:183} INFO - Processing /opt/airflow/dags/netflix_pipeline.py took 0.178 seconds
[2026-07-06T20:35:09.089+0000] {processor.py:161} INFO - Started process (PID=103) to work on /opt/airflow/dags/netflix_pipeline.py
[2026-07-06T20:35:09.091+0000] {processor.py:830} INFO - Processing file /opt/airflow/dags/netflix_pipeline.py for tasks to queue
[2026-07-06T20:35:09.096+0000] {logging_mixin.py:188} INFO - [2026-07-06T20:35:09.095+0000] {dagbag.py:545} INFO - Filling up the DagBag from /opt/airflow/dags/netflix_pipeline.py
[2026-07-06T20:35:09.141+0000] {processor.py:840} INFO - DAG(s) 'netflix_data_pipeline' retrieved from /opt/airflow/dags/netflix_pipeline.py
[2026-07-06T20:35:09.182+0000] {logging_mixin.py:188} INFO - [2026-07-06T20:35:09.181+0000] {dag.py:3089} INFO - Sync 1 DAGs
[2026-07-06T20:35:09.199+0000] {logging_mixin.py:188} INFO - [2026-07-06T20:35:09.198+0000] {dag.py:3947} INFO - Setting next_dagrun for netflix_data_pipeline to None, run_after=None
[2026-07-06T20:35:09.225+0000] {processor.py:183} INFO - Processing /opt/airflow/dags/netflix_pipeline.py took 0.145 seconds
[2026-07-06T20:35:39.469+0000] {processor.py:161} INFO - Started process (PID=104) to work on /opt/airflow/dags/netflix_pipeline.py
[2026-07-06T20:35:39.472+0000] {processor.py:830} INFO - Processing file /opt/airflow/dags/netflix_pipeline.py for tasks to queue
[2026-07-06T20:35:39.477+0000] {logging_mixin.py:188} INFO - [2026-07-06T20:35:39.476+0000] {dagbag.py:545} INFO - Filling up the DagBag from /opt/airflow/dags/netflix_pipeline.py
[2026-07-06T20:35:39.532+0000] {processor.py:840} INFO - DAG(s) 'netflix_data_pipeline' retrieved from /opt/airflow/dags/netflix_pipeline.py
[2026-07-06T20:35:39.575+0000] {logging_mixin.py:188} INFO - [2026-07-06T20:35:39.575+0000] {dag.py:3089} INFO - Sync 1 DAGs
[2026-07-06T20:35:39.591+0000] {logging_mixin.py:188} INFO - [2026-07-06T20:35:39.591+0000] {dag.py:3947} INFO - Setting next_dagrun for netflix_data_pipeline to None, run_after=None
[2026-07-06T20:35:39.623+0000] {processor.py:183} INFO - Processing /opt/airflow/dags/netflix_pipeline.py took 0.165 seconds
[2026-07-06T20:36:09.949+0000] {processor.py:161} INFO - Started process (PID=105) to work on /opt/airflow/dags/netflix_pipeline.py
[2026-07-06T20:36:09.951+0000] {processor.py:830} INFO - Processing file /opt/airflow/dags/netflix_pipeline.py for tasks to queue
[2026-07-06T20:36:09.954+0000] {logging_mixin.py:188} INFO - [2026-07-06T20:36:09.953+0000] {dagbag.py:545} INFO - Filling up the DagBag from /opt/airflow/dags/netflix_pipeline.py
[2026-07-06T20:36:09.990+0000] {processor.py:840} INFO - DAG(s) 'netflix_data_pipeline' retrieved from /opt/airflow/dags/netflix_pipeline.py
[2026-07-06T20:36:10.027+0000] {logging_mixin.py:188} INFO - [2026-07-06T20:36:10.027+0000] {dag.py:3089} INFO - Sync 1 DAGs
[2026-07-06T20:36:10.045+0000] {logging_mixin.py:188} INFO - [2026-07-06T20:36:10.044+0000] {dag.py:3947} INFO - Setting next_dagrun for netflix_data_pipeline to None, run_after=None
[2026-07-06T20:36:10.071+0000] {processor.py:183} INFO - Processing /opt/airflow/dags/netflix_pipeline.py took 0.131 seconds
[2026-07-06T20:36:40.284+0000] {processor.py:161} INFO - Started process (PID=106) to work on /opt/airflow/dags/netflix_pipeline.py
[2026-07-06T20:36:40.286+0000] {processor.py:830} INFO - Processing file /opt/airflow/dags/netflix_pipeline.py for tasks to queue
[2026-07-06T20:36:40.289+0000] {logging_mixin.py:188} INFO - [2026-07-06T20:36:40.288+0000] {dagbag.py:545} INFO - Filling up the DagBag from /opt/airflow/dags/netflix_pipeline.py
[2026-07-06T20:36:40.334+0000] {processor.py:840} INFO - DAG(s) 'netflix_data_pipeline' retrieved from /opt/airflow/dags/netflix_pipeline.py
[2026-07-06T20:36:40.402+0000] {logging_mixin.py:188} INFO - [2026-07-06T20:36:40.401+0000] {dag.py:3089} INFO - Sync 1 DAGs
[2026-07-06T20:36:40.436+0000] {logging_mixin.py:188} INFO - [2026-07-06T20:36:40.436+0000] {dag.py:3947} INFO - Setting next_dagrun for netflix_data_pipeline to None, run_after=None
[2026-07-06T20:36:40.484+0000] {processor.py:183} INFO - Processing /opt/airflow/dags/netflix_pipeline.py took 0.207 seconds
[2026-07-06T20:37:10.765+0000] {processor.py:161} INFO - Started process (PID=107) to work on /opt/airflow/dags/netflix_pipeline.py
[2026-07-06T20:37:10.770+0000] {processor.py:830} INFO - Processing file /opt/airflow/dags/netflix_pipeline.py for tasks to queue
[2026-07-06T20:37:10.774+0000] {logging_mixin.py:188} INFO - [2026-07-06T20:37:10.773+0000] {dagbag.py:545} INFO - Filling up the DagBag from /opt/airflow/dags/netflix_pipeline.py
[2026-07-06T20:37:10.836+0000] {processor.py:840} INFO - DAG(s) 'netflix_data_pipeline' retrieved from /opt/airflow/dags/netflix_pipeline.py
[2026-07-06T20:37:10.891+0000] {logging_mixin.py:188} INFO - [2026-07-06T20:37:10.890+0000] {dag.py:3089} INFO - Sync 1 DAGs
[2026-07-06T20:37:10.915+0000] {logging_mixin.py:188} INFO - [2026-07-06T20:37:10.915+0000] {dag.py:3947} INFO - Setting next_dagrun for netflix_data_pipeline to None, run_after=None
[2026-07-06T20:37:10.955+0000] {processor.py:183} INFO - Processing /opt/airflow/dags/netflix_pipeline.py took 0.205 seconds
[2026-07-06T20:37:41.199+0000] {processor.py:161} INFO - Started process (PID=108) to work on /opt/airflow/dags/netflix_pipeline.py
[2026-07-06T20:37:41.201+0000] {processor.py:830} INFO - Processing file /opt/airflow/dags/netflix_pipeline.py for tasks to queue
[2026-07-06T20:37:41.203+0000] {logging_mixin.py:188} INFO - [2026-07-06T20:37:41.203+0000] {dagbag.py:545} INFO - Filling up the DagBag from /opt/airflow/dags/netflix_pipeline.py
[2026-07-06T20:37:41.263+0000] {processor.py:840} INFO - DAG(s) 'netflix_data_pipeline' retrieved from /opt/airflow/dags/netflix_pipeline.py
[2026-07-06T20:37:41.307+0000] {logging_mixin.py:188} INFO - [2026-07-06T20:37:41.307+0000] {dag.py:3089} INFO - Sync 1 DAGs
[2026-07-06T20:37:41.326+0000] {logging_mixin.py:188} INFO - [2026-07-06T20:37:41.326+0000] {dag.py:3947} INFO - Setting next_dagrun for netflix_data_pipeline to None, run_after=None
[2026-07-06T20:37:41.357+0000] {processor.py:183} INFO - Processing /opt/airflow/dags/netflix_pipeline.py took 0.164 seconds
[2026-07-06T20:38:11.775+0000] {processor.py:161} INFO - Started process (PID=109) to work on /opt/airflow/dags/netflix_pipeline.py
[2026-07-06T20:38:11.781+0000] {processor.py:830} INFO - Processing file /opt/airflow/dags/netflix_pipeline.py for tasks to queue
[2026-07-06T20:38:11.789+0000] {logging_mixin.py:188} INFO - [2026-07-06T20:38:11.788+0000] {dagbag.py:545} INFO - Filling up the DagBag from /opt/airflow/dags/netflix_pipeline.py
[2026-07-06T20:38:11.828+0000] {processor.py:840} INFO - DAG(s) 'netflix_data_pipeline' retrieved from /opt/airflow/dags/netflix_pipeline.py
[2026-07-06T20:38:11.877+0000] {logging_mixin.py:188} INFO - [2026-07-06T20:38:11.877+0000] {dag.py:3089} INFO - Sync 1 DAGs
[2026-07-06T20:38:11.897+0000] {logging_mixin.py:188} INFO - [2026-07-06T20:38:11.897+0000] {dag.py:3947} INFO - Setting next_dagrun for netflix_data_pipeline to None, run_after=None
[2026-07-06T20:38:11.935+0000] {processor.py:183} INFO - Processing /opt/airflow/dags/netflix_pipeline.py took 0.192 seconds
[2026-07-06T20:38:42.076+0000] {processor.py:161} INFO - Started process (PID=110) to work on /opt/airflow/dags/netflix_pipeline.py
[2026-07-06T20:38:42.079+0000] {processor.py:830} INFO - Processing file /opt/airflow/dags/netflix_pipeline.py for tasks to queue
[2026-07-06T20:38:42.083+0000] {logging_mixin.py:188} INFO - [2026-07-06T20:38:42.082+0000] {dagbag.py:545} INFO - Filling up the DagBag from /opt/airflow/dags/netflix_pipeline.py
[2026-07-06T20:38:42.136+0000] {processor.py:840} INFO - DAG(s) 'netflix_data_pipeline' retrieved from /opt/airflow/dags/netflix_pipeline.py
[2026-07-06T20:38:42.180+0000] {logging_mixin.py:188} INFO - [2026-07-06T20:38:42.180+0000] {dag.py:3089} INFO - Sync 1 DAGs
[2026-07-06T20:38:42.207+0000] {logging_mixin.py:188} INFO - [2026-07-06T20:38:42.207+0000] {dag.py:3947} INFO - Setting next_dagrun for netflix_data_pipeline to None, run_after=None
[2026-07-06T20:38:42.244+0000] {processor.py:183} INFO - Processing /opt/airflow/dags/netflix_pipeline.py took 0.178 seconds
[2026-07-06T20:39:13.014+0000] {processor.py:161} INFO - Started process (PID=111) to work on /opt/airflow/dags/netflix_pipeline.py
[2026-07-06T20:39:13.018+0000] {processor.py:830} INFO - Processing file /opt/airflow/dags/netflix_pipeline.py for tasks to queue
[2026-07-06T20:39:13.022+0000] {logging_mixin.py:188} INFO - [2026-07-06T20:39:13.021+0000] {dagbag.py:545} INFO - Filling up the DagBag from /opt/airflow/dags/netflix_pipeline.py
[2026-07-06T20:39:13.107+0000] {processor.py:840} INFO - DAG(s) 'netflix_data_pipeline' retrieved from /opt/airflow/dags/netflix_pipeline.py
[2026-07-06T20:39:13.153+0000] {logging_mixin.py:188} INFO - [2026-07-06T20:39:13.153+0000] {dag.py:3089} INFO - Sync 1 DAGs
[2026-07-06T20:39:13.172+0000] {logging_mixin.py:188} INFO - [2026-07-06T20:39:13.171+0000] {dag.py:3947} INFO - Setting next_dagrun for netflix_data_pipeline to None, run_after=None
[2026-07-06T20:39:13.201+0000] {processor.py:183} INFO - Processing /opt/airflow/dags/netflix_pipeline.py took 0.197 seconds
[2026-07-06T20:39:43.929+0000] {processor.py:161} INFO - Started process (PID=112) to work on /opt/airflow/dags/netflix_pipeline.py
[2026-07-06T20:39:43.931+0000] {processor.py:830} INFO - Processing file /opt/airflow/dags/netflix_pipeline.py for tasks to queue
[2026-07-06T20:39:43.934+0000] {logging_mixin.py:188} INFO - [2026-07-06T20:39:43.934+0000] {dagbag.py:545} INFO - Filling up the DagBag from /opt/airflow/dags/netflix_pipeline.py
[2026-07-06T20:39:43.982+0000] {processor.py:840} INFO - DAG(s) 'netflix_data_pipeline' retrieved from /opt/airflow/dags/netflix_pipeline.py
[2026-07-06T20:39:44.040+0000] {logging_mixin.py:188} INFO - [2026-07-06T20:39:44.039+0000] {dag.py:3089} INFO - Sync 1 DAGs
[2026-07-06T20:39:44.069+0000] {logging_mixin.py:188} INFO - [2026-07-06T20:39:44.068+0000] {dag.py:3947} INFO - Setting next_dagrun for netflix_data_pipeline to None, run_after=None
[2026-07-06T20:39:44.102+0000] {processor.py:183} INFO - Processing /opt/airflow/dags/netflix_pipeline.py took 0.182 seconds
[2026-07-06T20:40:14.312+0000] {processor.py:161} INFO - Started process (PID=113) to work on /opt/airflow/dags/netflix_pipeline.py
[2026-07-06T20:40:14.314+0000] {processor.py:830} INFO - Processing file /opt/airflow/dags/netflix_pipeline.py for tasks to queue
[2026-07-06T20:40:14.318+0000] {logging_mixin.py:188} INFO - [2026-07-06T20:40:14.318+0000] {dagbag.py:545} INFO - Filling up the DagBag from /opt/airflow/dags/netflix_pipeline.py
[2026-07-06T20:40:14.372+0000] {processor.py:840} INFO - DAG(s) 'netflix_data_pipeline' retrieved from /opt/airflow/dags/netflix_pipeline.py
[2026-07-06T20:40:14.417+0000] {logging_mixin.py:188} INFO - [2026-07-06T20:40:14.417+0000] {dag.py:3089} INFO - Sync 1 DAGs
[2026-07-06T20:40:14.432+0000] {logging_mixin.py:188} INFO - [2026-07-06T20:40:14.432+0000] {dag.py:3947} INFO - Setting next_dagrun for netflix_data_pipeline to None, run_after=None
[2026-07-06T20:40:14.458+0000] {processor.py:183} INFO - Processing /opt/airflow/dags/netflix_pipeline.py took 0.156 seconds
[2026-07-06T20:40:44.809+0000] {processor.py:161} INFO - Started process (PID=114) to work on /opt/airflow/dags/netflix_pipeline.py
[2026-07-06T20:40:44.811+0000] {processor.py:830} INFO - Processing file /opt/airflow/dags/netflix_pipeline.py for tasks to queue
[2026-07-06T20:40:44.813+0000] {logging_mixin.py:188} INFO - [2026-07-06T20:40:44.813+0000] {dagbag.py:545} INFO - Filling up the DagBag from /opt/airflow/dags/netflix_pipeline.py
[2026-07-06T20:40:44.873+0000] {processor.py:840} INFO - DAG(s) 'netflix_data_pipeline' retrieved from /opt/airflow/dags/netflix_pipeline.py
[2026-07-06T20:40:44.941+0000] {logging_mixin.py:188} INFO - [2026-07-06T20:40:44.940+0000] {dag.py:3089} INFO - Sync 1 DAGs
[2026-07-06T20:40:44.962+0000] {logging_mixin.py:188} INFO - [2026-07-06T20:40:44.962+0000] {dag.py:3947} INFO - Setting next_dagrun for netflix_data_pipeline to None, run_after=None
[2026-07-06T20:40:44.987+0000] {processor.py:183} INFO - Processing /opt/airflow/dags/netflix_pipeline.py took 0.184 seconds
[2026-07-06T20:41:15.162+0000] {processor.py:161} INFO - Started process (PID=115) to work on /opt/airflow/dags/netflix_pipeline.py
[2026-07-06T20:41:15.163+0000] {processor.py:830} INFO - Processing file /opt/airflow/dags/netflix_pipeline.py for tasks to queue
[2026-07-06T20:41:15.166+0000] {logging_mixin.py:188} INFO - [2026-07-06T20:41:15.166+0000] {dagbag.py:545} INFO - Filling up the DagBag from /opt/airflow/dags/netflix_pipeline.py
[2026-07-06T20:41:15.232+0000] {processor.py:840} INFO - DAG(s) 'netflix_data_pipeline' retrieved from /opt/airflow/dags/netflix_pipeline.py
[2026-07-06T20:41:15.284+0000] {logging_mixin.py:188} INFO - [2026-07-06T20:41:15.284+0000] {dag.py:3089} INFO - Sync 1 DAGs
[2026-07-06T20:41:15.306+0000] {logging_mixin.py:188} INFO - [2026-07-06T20:41:15.305+0000] {dag.py:3947} INFO - Setting next_dagrun for netflix_data_pipeline to None, run_after=None
[2026-07-06T20:41:15.344+0000] {processor.py:183} INFO - Processing /opt/airflow/dags/netflix_pipeline.py took 0.193 seconds
[2026-07-06T20:41:45.692+0000] {processor.py:161} INFO - Started process (PID=116) to work on /opt/airflow/dags/netflix_pipeline.py
[2026-07-06T20:41:45.694+0000] {processor.py:830} INFO - Processing file /opt/airflow/dags/netflix_pipeline.py for tasks to queue
[2026-07-06T20:41:45.699+0000] {logging_mixin.py:188} INFO - [2026-07-06T20:41:45.698+0000] {dagbag.py:545} INFO - Filling up the DagBag from /opt/airflow/dags/netflix_pipeline.py
[2026-07-06T20:41:45.744+0000] {processor.py:840} INFO - DAG(s) 'netflix_data_pipeline' retrieved from /opt/airflow/dags/netflix_pipeline.py
[2026-07-06T20:41:45.792+0000] {logging_mixin.py:188} INFO - [2026-07-06T20:41:45.792+0000] {dag.py:3089} INFO - Sync 1 DAGs
[2026-07-06T20:41:45.812+0000] {logging_mixin.py:188} INFO - [2026-07-06T20:41:45.811+0000] {dag.py:3947} INFO - Setting next_dagrun for netflix_data_pipeline to None, run_after=None
[2026-07-06T20:41:45.847+0000] {processor.py:183} INFO - Processing /opt/airflow/dags/netflix_pipeline.py took 0.165 seconds
[2026-07-06T20:42:16.106+0000] {processor.py:161} INFO - Started process (PID=117) to work on /opt/airflow/dags/netflix_pipeline.py
[2026-07-06T20:42:16.109+0000] {processor.py:830} INFO - Processing file /opt/airflow/dags/netflix_pipeline.py for tasks to queue
[2026-07-06T20:42:16.115+0000] {logging_mixin.py:188} INFO - [2026-07-06T20:42:16.114+0000] {dagbag.py:545} INFO - Filling up the DagBag from /opt/airflow/dags/netflix_pipeline.py
[2026-07-06T20:42:16.177+0000] {processor.py:840} INFO - DAG(s) 'netflix_data_pipeline' retrieved from /opt/airflow/dags/netflix_pipeline.py
[2026-07-06T20:42:16.228+0000] {logging_mixin.py:188} INFO - [2026-07-06T20:42:16.228+0000] {dag.py:3089} INFO - Sync 1 DAGs
[2026-07-06T20:42:16.246+0000] {logging_mixin.py:188} INFO - [2026-07-06T20:42:16.245+0000] {dag.py:3947} INFO - Setting next_dagrun for netflix_data_pipeline to None, run_after=None
[2026-07-06T20:42:16.281+0000] {processor.py:183} INFO - Processing /opt/airflow/dags/netflix_pipeline.py took 0.187 seconds
[2026-07-06T20:42:46.670+0000] {processor.py:161} INFO - Started process (PID=118) to work on /opt/airflow/dags/netflix_pipeline.py
[2026-07-06T20:42:46.672+0000] {processor.py:830} INFO - Processing file /opt/airflow/dags/netflix_pipeline.py for tasks to queue
[2026-07-06T20:42:46.677+0000] {logging_mixin.py:188} INFO - [2026-07-06T20:42:46.676+0000] {dagbag.py:545} INFO - Filling up the DagBag from /opt/airflow/dags/netflix_pipeline.py
[2026-07-06T20:42:46.746+0000] {processor.py:840} INFO - DAG(s) 'netflix_data_pipeline' retrieved from /opt/airflow/dags/netflix_pipeline.py
[2026-07-06T20:42:46.826+0000] {logging_mixin.py:188} INFO - [2026-07-06T20:42:46.826+0000] {dag.py:3089} INFO - Sync 1 DAGs
[2026-07-06T20:42:46.858+0000] {logging_mixin.py:188} INFO - [2026-07-06T20:42:46.858+0000] {dag.py:3947} INFO - Setting next_dagrun for netflix_data_pipeline to None, run_after=None
[2026-07-06T20:42:46.909+0000] {processor.py:183} INFO - Processing /opt/airflow/dags/netflix_pipeline.py took 0.252 seconds
[2026-07-06T20:43:17.219+0000] {processor.py:161} INFO - Started process (PID=119) to work on /opt/airflow/dags/netflix_pipeline.py
[2026-07-06T20:43:17.222+0000] {processor.py:830} INFO - Processing file /opt/airflow/dags/netflix_pipeline.py for tasks to queue
[2026-07-06T20:43:17.227+0000] {logging_mixin.py:188} INFO - [2026-07-06T20:43:17.226+0000] {dagbag.py:545} INFO - Filling up the DagBag from /opt/airflow/dags/netflix_pipeline.py
[2026-07-06T20:43:17.307+0000] {processor.py:840} INFO - DAG(s) 'netflix_data_pipeline' retrieved from /opt/airflow/dags/netflix_pipeline.py
[2026-07-06T20:43:17.365+0000] {logging_mixin.py:188} INFO - [2026-07-06T20:43:17.365+0000] {dag.py:3089} INFO - Sync 1 DAGs
[2026-07-06T20:43:17.396+0000] {logging_mixin.py:188} INFO - [2026-07-06T20:43:17.395+0000] {dag.py:3947} INFO - Setting next_dagrun for netflix_data_pipeline to None, run_after=None
[2026-07-06T20:43:17.447+0000] {processor.py:183} INFO - Processing /opt/airflow/dags/netflix_pipeline.py took 0.244 seconds
[2026-07-06T20:43:47.664+0000] {processor.py:161} INFO - Started process (PID=120) to work on /opt/airflow/dags/netflix_pipeline.py
[2026-07-06T20:43:47.667+0000] {processor.py:830} INFO - Processing file /opt/airflow/dags/netflix_pipeline.py for tasks to queue
[2026-07-06T20:43:47.674+0000] {logging_mixin.py:188} INFO - [2026-07-06T20:43:47.673+0000] {dagbag.py:545} INFO - Filling up the DagBag from /opt/airflow/dags/netflix_pipeline.py
[2026-07-06T20:43:47.728+0000] {processor.py:840} INFO - DAG(s) 'netflix_data_pipeline' retrieved from /opt/airflow/dags/netflix_pipeline.py
[2026-07-06T20:43:47.791+0000] {logging_mixin.py:188} INFO - [2026-07-06T20:43:47.791+0000] {dag.py:3089} INFO - Sync 1 DAGs
[2026-07-06T20:43:47.814+0000] {logging_mixin.py:188} INFO - [2026-07-06T20:43:47.814+0000] {dag.py:3947} INFO - Setting next_dagrun for netflix_data_pipeline to None, run_after=None
[2026-07-06T20:43:47.848+0000] {processor.py:183} INFO - Processing /opt/airflow/dags/netflix_pipeline.py took 0.198 seconds
[2026-07-06T20:44:18.156+0000] {processor.py:161} INFO - Started process (PID=121) to work on /opt/airflow/dags/netflix_pipeline.py
[2026-07-06T20:44:18.159+0000] {processor.py:830} INFO - Processing file /opt/airflow/dags/netflix_pipeline.py for tasks to queue
[2026-07-06T20:44:18.162+0000] {logging_mixin.py:188} INFO - [2026-07-06T20:44:18.161+0000] {dagbag.py:545} INFO - Filling up the DagBag from /opt/airflow/dags/netflix_pipeline.py
[2026-07-06T20:44:18.208+0000] {processor.py:840} INFO - DAG(s) 'netflix_data_pipeline' retrieved from /opt/airflow/dags/netflix_pipeline.py
[2026-07-06T20:44:18.263+0000] {logging_mixin.py:188} INFO - [2026-07-06T20:44:18.262+0000] {dag.py:3089} INFO - Sync 1 DAGs
[2026-07-06T20:44:18.287+0000] {logging_mixin.py:188} INFO - [2026-07-06T20:44:18.287+0000] {dag.py:3947} INFO - Setting next_dagrun for netflix_data_pipeline to None, run_after=None
[2026-07-06T20:44:18.347+0000] {processor.py:183} INFO - Processing /opt/airflow/dags/netflix_pipeline.py took 0.200 seconds
[2026-07-06T20:44:48.687+0000] {processor.py:161} INFO - Started process (PID=122) to work on /opt/airflow/dags/netflix_pipeline.py
[2026-07-06T20:44:48.689+0000] {processor.py:830} INFO - Processing file /opt/airflow/dags/netflix_pipeline.py for tasks to queue
[2026-07-06T20:44:48.696+0000] {logging_mixin.py:188} INFO - [2026-07-06T20:44:48.695+0000] {dagbag.py:545} INFO - Filling up the DagBag from /opt/airflow/dags/netflix_pipeline.py
[2026-07-06T20:44:48.787+0000] {processor.py:840} INFO - DAG(s) 'netflix_data_pipeline' retrieved from /opt/airflow/dags/netflix_pipeline.py
[2026-07-06T20:44:48.869+0000] {logging_mixin.py:188} INFO - [2026-07-06T20:44:48.868+0000] {dag.py:3089} INFO - Sync 1 DAGs
[2026-07-06T20:44:48.902+0000] {logging_mixin.py:188} INFO - [2026-07-06T20:44:48.901+0000] {dag.py:3947} INFO - Setting next_dagrun for netflix_data_pipeline to None, run_after=None
[2026-07-06T20:44:48.965+0000] {processor.py:183} INFO - Processing /opt/airflow/dags/netflix_pipeline.py took 0.293 seconds
[2026-07-06T20:45:19.530+0000] {processor.py:161} INFO - Started process (PID=123) to work on /opt/airflow/dags/netflix_pipeline.py
[2026-07-06T20:45:19.533+0000] {processor.py:830} INFO - Processing file /opt/airflow/dags/netflix_pipeline.py for tasks to queue
[2026-07-06T20:45:19.536+0000] {logging_mixin.py:188} INFO - [2026-07-06T20:45:19.536+0000] {dagbag.py:545} INFO - Filling up the DagBag from /opt/airflow/dags/netflix_pipeline.py
[2026-07-06T20:45:19.581+0000] {processor.py:840} INFO - DAG(s) 'netflix_data_pipeline' retrieved from /opt/airflow/dags/netflix_pipeline.py
[2026-07-06T20:45:19.657+0000] {logging_mixin.py:188} INFO - [2026-07-06T20:45:19.656+0000] {dag.py:3089} INFO - Sync 1 DAGs
[2026-07-06T20:45:19.683+0000] {logging_mixin.py:188} INFO - [2026-07-06T20:45:19.683+0000] {dag.py:3947} INFO - Setting next_dagrun for netflix_data_pipeline to None, run_after=None
[2026-07-06T20:45:19.739+0000] {processor.py:183} INFO - Processing /opt/airflow/dags/netflix_pipeline.py took 0.220 seconds
[2026-07-06T20:45:49.892+0000] {processor.py:161} INFO - Started process (PID=124) to work on /opt/airflow/dags/netflix_pipeline.py
[2026-07-06T20:45:49.894+0000] {processor.py:830} INFO - Processing file /opt/airflow/dags/netflix_pipeline.py for tasks to queue
[2026-07-06T20:45:49.897+0000] {logging_mixin.py:188} INFO - [2026-07-06T20:45:49.896+0000] {dagbag.py:545} INFO - Filling up the DagBag from /opt/airflow/dags/netflix_pipeline.py
[2026-07-06T20:45:49.949+0000] {processor.py:840} INFO - DAG(s) 'netflix_data_pipeline' retrieved from /opt/airflow/dags/netflix_pipeline.py
[2026-07-06T20:45:50.031+0000] {logging_mixin.py:188} INFO - [2026-07-06T20:45:50.030+0000] {dag.py:3089} INFO - Sync 1 DAGs
[2026-07-06T20:45:50.053+0000] {logging_mixin.py:188} INFO - [2026-07-06T20:45:50.053+0000] {dag.py:3947} INFO - Setting next_dagrun for netflix_data_pipeline to None, run_after=None
[2026-07-06T20:45:50.098+0000] {processor.py:183} INFO - Processing /opt/airflow/dags/netflix_pipeline.py took 0.216 seconds
[2026-07-06T20:46:20.762+0000] {processor.py:161} INFO - Started process (PID=125) to work on /opt/airflow/dags/netflix_pipeline.py
[2026-07-06T20:46:20.766+0000] {processor.py:830} INFO - Processing file /opt/airflow/dags/netflix_pipeline.py for tasks to queue
[2026-07-06T20:46:20.772+0000] {logging_mixin.py:188} INFO - [2026-07-06T20:46:20.770+0000] {dagbag.py:545} INFO - Filling up the DagBag from /opt/airflow/dags/netflix_pipeline.py
[2026-07-06T20:46:20.850+0000] {processor.py:840} INFO - DAG(s) 'netflix_data_pipeline' retrieved from /opt/airflow/dags/netflix_pipeline.py
[2026-07-06T20:46:20.922+0000] {logging_mixin.py:188} INFO - [2026-07-06T20:46:20.922+0000] {dag.py:3089} INFO - Sync 1 DAGs
[2026-07-06T20:46:20.958+0000] {logging_mixin.py:188} INFO - [2026-07-06T20:46:20.958+0000] {dag.py:3947} INFO - Setting next_dagrun for netflix_data_pipeline to None, run_after=None
[2026-07-06T20:46:21.023+0000] {processor.py:183} INFO - Processing /opt/airflow/dags/netflix_pipeline.py took 0.276 seconds
[2026-07-06T20:46:51.229+0000] {processor.py:161} INFO - Started process (PID=126) to work on /opt/airflow/dags/netflix_pipeline.py
[2026-07-06T20:46:51.232+0000] {processor.py:830} INFO - Processing file /opt/airflow/dags/netflix_pipeline.py for tasks to queue
[2026-07-06T20:46:51.237+0000] {logging_mixin.py:188} INFO - [2026-07-06T20:46:51.236+0000] {dagbag.py:545} INFO - Filling up the DagBag from /opt/airflow/dags/netflix_pipeline.py
[2026-07-06T20:46:51.315+0000] {processor.py:840} INFO - DAG(s) 'netflix_data_pipeline' retrieved from /opt/airflow/dags/netflix_pipeline.py
[2026-07-06T20:46:51.377+0000] {logging_mixin.py:188} INFO - [2026-07-06T20:46:51.376+0000] {dag.py:3089} INFO - Sync 1 DAGs
[2026-07-06T20:46:51.402+0000] {logging_mixin.py:188} INFO - [2026-07-06T20:46:51.402+0000] {dag.py:3947} INFO - Setting next_dagrun for netflix_data_pipeline to None, run_after=None
[2026-07-06T20:46:51.443+0000] {processor.py:183} INFO - Processing /opt/airflow/dags/netflix_pipeline.py took 0.225 seconds
[2026-07-06T20:47:21.778+0000] {processor.py:161} INFO - Started process (PID=127) to work on /opt/airflow/dags/netflix_pipeline.py
[2026-07-06T20:47:21.781+0000] {processor.py:830} INFO - Processing file /opt/airflow/dags/netflix_pipeline.py for tasks to queue
[2026-07-06T20:47:21.787+0000] {logging_mixin.py:188} INFO - [2026-07-06T20:47:21.785+0000] {dagbag.py:545} INFO - Filling up the DagBag from /opt/airflow/dags/netflix_pipeline.py
[2026-07-06T20:47:21.854+0000] {processor.py:840} INFO - DAG(s) 'netflix_data_pipeline' retrieved from /opt/airflow/dags/netflix_pipeline.py
[2026-07-06T20:47:21.901+0000] {logging_mixin.py:188} INFO - [2026-07-06T20:47:21.901+0000] {dag.py:3089} INFO - Sync 1 DAGs
[2026-07-06T20:47:21.919+0000] {logging_mixin.py:188} INFO - [2026-07-06T20:47:21.919+0000] {dag.py:3947} INFO - Setting next_dagrun for netflix_data_pipeline to None, run_after=None
[2026-07-06T20:47:21.956+0000] {processor.py:183} INFO - Processing /opt/airflow/dags/netflix_pipeline.py took 0.198 seconds
[2026-07-06T20:47:52.487+0000] {processor.py:161} INFO - Started process (PID=128) to work on /opt/airflow/dags/netflix_pipeline.py
[2026-07-06T20:47:52.493+0000] {processor.py:830} INFO - Processing file /opt/airflow/dags/netflix_pipeline.py for tasks to queue
[2026-07-06T20:47:52.500+0000] {logging_mixin.py:188} INFO - [2026-07-06T20:47:52.499+0000] {dagbag.py:545} INFO - Filling up the DagBag from /opt/airflow/dags/netflix_pipeline.py
[2026-07-06T20:47:52.544+0000] {processor.py:840} INFO - DAG(s) 'netflix_data_pipeline' retrieved from /opt/airflow/dags/netflix_pipeline.py
[2026-07-06T20:47:52.598+0000] {logging_mixin.py:188} INFO - [2026-07-06T20:47:52.598+0000] {dag.py:3089} INFO - Sync 1 DAGs
[2026-07-06T20:47:52.622+0000] {logging_mixin.py:188} INFO - [2026-07-06T20:47:52.622+0000] {dag.py:3947} INFO - Setting next_dagrun for netflix_data_pipeline to None, run_after=None
[2026-07-06T20:47:52.664+0000] {processor.py:183} INFO - Processing /opt/airflow/dags/netflix_pipeline.py took 0.190 seconds
[2026-07-06T20:48:22.832+0000] {processor.py:161} INFO - Started process (PID=129) to work on /opt/airflow/dags/netflix_pipeline.py
[2026-07-06T20:48:22.834+0000] {processor.py:830} INFO - Processing file /opt/airflow/dags/netflix_pipeline.py for tasks to queue
[2026-07-06T20:48:22.837+0000] {logging_mixin.py:188} INFO - [2026-07-06T20:48:22.836+0000] {dagbag.py:545} INFO - Filling up the DagBag from /opt/airflow/dags/netflix_pipeline.py
[2026-07-06T20:48:22.895+0000] {processor.py:840} INFO - DAG(s) 'netflix_data_pipeline' retrieved from /opt/airflow/dags/netflix_pipeline.py
[2026-07-06T20:48:22.953+0000] {logging_mixin.py:188} INFO - [2026-07-06T20:48:22.952+0000] {dag.py:3089} INFO - Sync 1 DAGs
[2026-07-06T20:48:22.974+0000] {logging_mixin.py:188} INFO - [2026-07-06T20:48:22.973+0000] {dag.py:3947} INFO - Setting next_dagrun for netflix_data_pipeline to None, run_after=None
[2026-07-06T20:48:23.003+0000] {processor.py:183} INFO - Processing /opt/airflow/dags/netflix_pipeline.py took 0.182 seconds
[2026-07-06T20:48:53.189+0000] {processor.py:161} INFO - Started process (PID=130) to work on /opt/airflow/dags/netflix_pipeline.py
[2026-07-06T20:48:53.191+0000] {processor.py:830} INFO - Processing file /opt/airflow/dags/netflix_pipeline.py for tasks to queue
[2026-07-06T20:48:53.195+0000] {logging_mixin.py:188} INFO - [2026-07-06T20:48:53.194+0000] {dagbag.py:545} INFO - Filling up the DagBag from /opt/airflow/dags/netflix_pipeline.py
[2026-07-06T20:48:53.258+0000] {processor.py:840} INFO - DAG(s) 'netflix_data_pipeline' retrieved from /opt/airflow/dags/netflix_pipeline.py
[2026-07-06T20:48:53.312+0000] {logging_mixin.py:188} INFO - [2026-07-06T20:48:53.311+0000] {dag.py:3089} INFO - Sync 1 DAGs
[2026-07-06T20:48:53.337+0000] {logging_mixin.py:188} INFO - [2026-07-06T20:48:53.337+0000] {dag.py:3947} INFO - Setting next_dagrun for netflix_data_pipeline to None, run_after=None
[2026-07-06T20:48:53.379+0000] {processor.py:183} INFO - Processing /opt/airflow/dags/netflix_pipeline.py took 0.202 seconds
[2026-07-06T20:49:23.629+0000] {processor.py:161} INFO - Started process (PID=131) to work on /opt/airflow/dags/netflix_pipeline.py
[2026-07-06T20:49:23.632+0000] {processor.py:830} INFO - Processing file /opt/airflow/dags/netflix_pipeline.py for tasks to queue
[2026-07-06T20:49:23.634+0000] {logging_mixin.py:188} INFO - [2026-07-06T20:49:23.634+0000] {dagbag.py:545} INFO - Filling up the DagBag from /opt/airflow/dags/netflix_pipeline.py
[2026-07-06T20:49:23.689+0000] {processor.py:840} INFO - DAG(s) 'netflix_data_pipeline' retrieved from /opt/airflow/dags/netflix_pipeline.py
[2026-07-06T20:49:23.754+0000] {logging_mixin.py:188} INFO - [2026-07-06T20:49:23.753+0000] {dag.py:3089} INFO - Sync 1 DAGs
[2026-07-06T20:49:23.790+0000] {logging_mixin.py:188} INFO - [2026-07-06T20:49:23.790+0000] {dag.py:3947} INFO - Setting next_dagrun for netflix_data_pipeline to None, run_after=None
[2026-07-06T20:49:23.835+0000] {processor.py:183} INFO - Processing /opt/airflow/dags/netflix_pipeline.py took 0.215 seconds
[2026-07-06T20:49:54.101+0000] {processor.py:161} INFO - Started process (PID=132) to work on /opt/airflow/dags/netflix_pipeline.py
[2026-07-06T20:49:54.102+0000] {processor.py:830} INFO - Processing file /opt/airflow/dags/netflix_pipeline.py for tasks to queue
[2026-07-06T20:49:54.107+0000] {logging_mixin.py:188} INFO - [2026-07-06T20:49:54.107+0000] {dagbag.py:545} INFO - Filling up the DagBag from /opt/airflow/dags/netflix_pipeline.py
[2026-07-06T20:49:54.172+0000] {processor.py:840} INFO - DAG(s) 'netflix_data_pipeline' retrieved from /opt/airflow/dags/netflix_pipeline.py
[2026-07-06T20:49:54.219+0000] {logging_mixin.py:188} INFO - [2026-07-06T20:49:54.219+0000] {dag.py:3089} INFO - Sync 1 DAGs
[2026-07-06T20:49:54.241+0000] {logging_mixin.py:188} INFO - [2026-07-06T20:49:54.240+0000] {dag.py:3947} INFO - Setting next_dagrun for netflix_data_pipeline to None, run_after=None
[2026-07-06T20:49:54.275+0000] {processor.py:183} INFO - Processing /opt/airflow/dags/netflix_pipeline.py took 0.190 seconds
[2026-07-06T20:50:24.644+0000] {processor.py:161} INFO - Started process (PID=133) to work on /opt/airflow/dags/netflix_pipeline.py
[2026-07-06T20:50:24.646+0000] {processor.py:830} INFO - Processing file /opt/airflow/dags/netflix_pipeline.py for tasks to queue
[2026-07-06T20:50:24.650+0000] {logging_mixin.py:188} INFO - [2026-07-06T20:50:24.649+0000] {dagbag.py:545} INFO - Filling up the DagBag from /opt/airflow/dags/netflix_pipeline.py
[2026-07-06T20:50:24.703+0000] {processor.py:840} INFO - DAG(s) 'netflix_data_pipeline' retrieved from /opt/airflow/dags/netflix_pipeline.py
[2026-07-06T20:50:24.754+0000] {logging_mixin.py:188} INFO - [2026-07-06T20:50:24.754+0000] {dag.py:3089} INFO - Sync 1 DAGs
[2026-07-06T20:50:24.772+0000] {logging_mixin.py:188} INFO - [2026-07-06T20:50:24.772+0000] {dag.py:3947} INFO - Setting next_dagrun for netflix_data_pipeline to None, run_after=None
[2026-07-06T20:50:24.805+0000] {processor.py:183} INFO - Processing /opt/airflow/dags/netflix_pipeline.py took 0.174 seconds
[2026-07-06T20:50:55.010+0000] {processor.py:161} INFO - Started process (PID=134) to work on /opt/airflow/dags/netflix_pipeline.py
[2026-07-06T20:50:55.012+0000] {processor.py:830} INFO - Processing file /opt/airflow/dags/netflix_pipeline.py for tasks to queue
[2026-07-06T20:50:55.016+0000] {logging_mixin.py:188} INFO - [2026-07-06T20:50:55.015+0000] {dagbag.py:545} INFO - Filling up the DagBag from /opt/airflow/dags/netflix_pipeline.py
[2026-07-06T20:50:55.065+0000] {processor.py:840} INFO - DAG(s) 'netflix_data_pipeline' retrieved from /opt/airflow/dags/netflix_pipeline.py
[2026-07-06T20:50:55.108+0000] {logging_mixin.py:188} INFO - [2026-07-06T20:50:55.108+0000] {dag.py:3089} INFO - Sync 1 DAGs
[2026-07-06T20:50:55.125+0000] {logging_mixin.py:188} INFO - [2026-07-06T20:50:55.125+0000] {dag.py:3947} INFO - Setting next_dagrun for netflix_data_pipeline to None, run_after=None
[2026-07-06T20:50:55.160+0000] {processor.py:183} INFO - Processing /opt/airflow/dags/netflix_pipeline.py took 0.164 seconds
[2026-07-06T20:51:25.475+0000] {processor.py:161} INFO - Started process (PID=135) to work on /opt/airflow/dags/netflix_pipeline.py
[2026-07-06T20:51:25.477+0000] {processor.py:830} INFO - Processing file /opt/airflow/dags/netflix_pipeline.py for tasks to queue
[2026-07-06T20:51:25.480+0000] {logging_mixin.py:188} INFO - [2026-07-06T20:51:25.479+0000] {dagbag.py:545} INFO - Filling up the DagBag from /opt/airflow/dags/netflix_pipeline.py
[2026-07-06T20:51:25.529+0000] {processor.py:840} INFO - DAG(s) 'netflix_data_pipeline' retrieved from /opt/airflow/dags/netflix_pipeline.py
[2026-07-06T20:51:25.586+0000] {logging_mixin.py:188} INFO - [2026-07-06T20:51:25.585+0000] {dag.py:3089} INFO - Sync 1 DAGs
[2026-07-06T20:51:25.609+0000] {logging_mixin.py:188} INFO - [2026-07-06T20:51:25.609+0000] {dag.py:3947} INFO - Setting next_dagrun for netflix_data_pipeline to None, run_after=None
[2026-07-06T20:51:25.640+0000] {processor.py:183} INFO - Processing /opt/airflow/dags/netflix_pipeline.py took 0.174 seconds
[2026-07-06T20:51:55.855+0000] {processor.py:161} INFO - Started process (PID=136) to work on /opt/airflow/dags/netflix_pipeline.py
[2026-07-06T20:51:55.858+0000] {processor.py:830} INFO - Processing file /opt/airflow/dags/netflix_pipeline.py for tasks to queue
[2026-07-06T20:51:55.861+0000] {logging_mixin.py:188} INFO - [2026-07-06T20:51:55.860+0000] {dagbag.py:545} INFO - Filling up the DagBag from /opt/airflow/dags/netflix_pipeline.py
[2026-07-06T20:51:55.921+0000] {processor.py:840} INFO - DAG(s) 'netflix_data_pipeline' retrieved from /opt/airflow/dags/netflix_pipeline.py
[2026-07-06T20:51:55.993+0000] {logging_mixin.py:188} INFO - [2026-07-06T20:51:55.992+0000] {dag.py:3089} INFO - Sync 1 DAGs
[2026-07-06T20:51:56.018+0000] {logging_mixin.py:188} INFO - [2026-07-06T20:51:56.018+0000] {dag.py:3947} INFO - Setting next_dagrun for netflix_data_pipeline to None, run_after=None
[2026-07-06T20:51:56.078+0000] {processor.py:183} INFO - Processing /opt/airflow/dags/netflix_pipeline.py took 0.234 seconds
[2026-07-06T20:52:26.385+0000] {processor.py:161} INFO - Started process (PID=137) to work on /opt/airflow/dags/netflix_pipeline.py
[2026-07-06T20:52:26.390+0000] {processor.py:830} INFO - Processing file /opt/airflow/dags/netflix_pipeline.py for tasks to queue
[2026-07-06T20:52:26.395+0000] {logging_mixin.py:188} INFO - [2026-07-06T20:52:26.395+0000] {dagbag.py:545} INFO - Filling up the DagBag from /opt/airflow/dags/netflix_pipeline.py
[2026-07-06T20:52:26.450+0000] {processor.py:840} INFO - DAG(s) 'netflix_data_pipeline' retrieved from /opt/airflow/dags/netflix_pipeline.py
[2026-07-06T20:52:26.505+0000] {logging_mixin.py:188} INFO - [2026-07-06T20:52:26.505+0000] {dag.py:3089} INFO - Sync 1 DAGs
[2026-07-06T20:52:26.526+0000] {logging_mixin.py:188} INFO - [2026-07-06T20:52:26.525+0000] {dag.py:3947} INFO - Setting next_dagrun for netflix_data_pipeline to None, run_after=None
[2026-07-06T20:52:26.573+0000] {processor.py:183} INFO - Processing /opt/airflow/dags/netflix_pipeline.py took 0.200 seconds
[2026-07-06T20:52:56.806+0000] {processor.py:161} INFO - Started process (PID=138) to work on /opt/airflow/dags/netflix_pipeline.py
[2026-07-06T20:52:56.809+0000] {processor.py:830} INFO - Processing file /opt/airflow/dags/netflix_pipeline.py for tasks to queue
[2026-07-06T20:52:56.814+0000] {logging_mixin.py:188} INFO - [2026-07-06T20:52:56.813+0000] {dagbag.py:545} INFO - Filling up the DagBag from /opt/airflow/dags/netflix_pipeline.py
[2026-07-06T20:52:56.869+0000] {processor.py:840} INFO - DAG(s) 'netflix_data_pipeline' retrieved from /opt/airflow/dags/netflix_pipeline.py
[2026-07-06T20:52:56.920+0000] {logging_mixin.py:188} INFO - [2026-07-06T20:52:56.919+0000] {dag.py:3089} INFO - Sync 1 DAGs
[2026-07-06T20:52:56.936+0000] {logging_mixin.py:188} INFO - [2026-07-06T20:52:56.936+0000] {dag.py:3947} INFO - Setting next_dagrun for netflix_data_pipeline to None, run_after=None
[2026-07-06T20:52:56.970+0000] {processor.py:183} INFO - Processing /opt/airflow/dags/netflix_pipeline.py took 0.176 seconds
[2026-07-06T20:53:27.426+0000] {processor.py:161} INFO - Started process (PID=139) to work on /opt/airflow/dags/netflix_pipeline.py
[2026-07-06T20:53:27.429+0000] {processor.py:830} INFO - Processing file /opt/airflow/dags/netflix_pipeline.py for tasks to queue
[2026-07-06T20:53:27.434+0000] {logging_mixin.py:188} INFO - [2026-07-06T20:53:27.433+0000] {dagbag.py:545} INFO - Filling up the DagBag from /opt/airflow/dags/netflix_pipeline.py
[2026-07-06T20:53:27.509+0000] {processor.py:840} INFO - DAG(s) 'netflix_data_pipeline' retrieved from /opt/airflow/dags/netflix_pipeline.py
[2026-07-06T20:53:27.566+0000] {logging_mixin.py:188} INFO - [2026-07-06T20:53:27.566+0000] {dag.py:3089} INFO - Sync 1 DAGs
[2026-07-06T20:53:27.587+0000] {logging_mixin.py:188} INFO - [2026-07-06T20:53:27.587+0000] {dag.py:3947} INFO - Setting next_dagrun for netflix_data_pipeline to None, run_after=None
[2026-07-06T20:53:27.630+0000] {processor.py:183} INFO - Processing /opt/airflow/dags/netflix_pipeline.py took 0.218 seconds
[2026-07-06T20:53:57.922+0000] {processor.py:161} INFO - Started process (PID=140) to work on /opt/airflow/dags/netflix_pipeline.py
[2026-07-06T20:53:57.924+0000] {processor.py:830} INFO - Processing file /opt/airflow/dags/netflix_pipeline.py for tasks to queue
[2026-07-06T20:53:57.932+0000] {logging_mixin.py:188} INFO - [2026-07-06T20:53:57.931+0000] {dagbag.py:545} INFO - Filling up the DagBag from /opt/airflow/dags/netflix_pipeline.py
[2026-07-06T20:53:58.033+0000] {processor.py:840} INFO - DAG(s) 'netflix_data_pipeline' retrieved from /opt/airflow/dags/netflix_pipeline.py
[2026-07-06T20:53:58.120+0000] {logging_mixin.py:188} INFO - [2026-07-06T20:53:58.120+0000] {dag.py:3089} INFO - Sync 1 DAGs
[2026-07-06T20:53:58.146+0000] {logging_mixin.py:188} INFO - [2026-07-06T20:53:58.146+0000] {dag.py:3947} INFO - Setting next_dagrun for netflix_data_pipeline to None, run_after=None
[2026-07-06T20:53:58.198+0000] {processor.py:183} INFO - Processing /opt/airflow/dags/netflix_pipeline.py took 0.293 seconds
